INFO-FLOW: Workspace /home/petr/Documents/xilinx-workspace/vitis-workspace/dp/kria-1-overlaping-app_kernels/Emulation-SW/build/vadd/vadd/vadd/solution opened at Wed Mar 22 21:26:50 CET 2023
Execute       send_msg_by_id INFO @200-1505@%s%s  vitis 
INFO: [HLS 200-1505] Using flow_target 'vitis'
Execute       send_msg_by_id INFO @200-435@%s%s 'open_solution -flow_target vitis' config_interface -m_axi_latency=64 
INFO: [HLS 200-435] Setting 'open_solution -flow_target vitis' configuration: config_interface -m_axi_latency=64
Execute       config_interface -m_axi_latency=64 
Execute       send_msg_by_id INFO @200-435@%s%s 'open_solution -flow_target vitis' config_interface -m_axi_alignment_byte_size=64 
INFO: [HLS 200-435] Setting 'open_solution -flow_target vitis' configuration: config_interface -m_axi_alignment_byte_size=64
Execute       config_interface -m_axi_alignment_byte_size=64 
Execute       send_msg_by_id INFO @200-435@%s%s 'open_solution -flow_target vitis' config_interface -m_axi_max_widen_bitwidth=512 
INFO: [HLS 200-435] Setting 'open_solution -flow_target vitis' configuration: config_interface -m_axi_max_widen_bitwidth=512
Execute       config_interface -m_axi_max_widen_bitwidth=512 
INFO-FLOW: Setting macro_cmd open_solution -flow_target vitis configuration: config_interface -default_interface=kernel
Execute       config_interface -default_interface=kernel 
Execute       send_msg_by_id INFO @200-435@%s%s 'open_solution -flow_target vitis' config_rtl -register_reset_num=3 
INFO: [HLS 200-435] Setting 'open_solution -flow_target vitis' configuration: config_rtl -register_reset_num=3
Execute       config_rtl -register_reset_num=3 
Command     open_solution done; 0.21 sec.
Execute     set_part xck26-sfvc784-2LV-c 
INFO: [HLS 200-1510] Running: set_part xck26-sfvc784-2LV-c 
Execute       create_platform xck26-sfvc784-2LV-c -board  
DBG:HLSDevice: Trying to load device library: /tools/Xilinx/Vitis_HLS/2022.2/lib/lnx64.o/libxv_hlsvwrap.so
DBG:HLSDevice: first parts/arch.xml in RDI_DATADIR: /tools/Xilinx/Vivado/2022.2/data/parts/arch.xml
DBG:HLSDevice: init success
INFO: [HLS 200-1611] Setting target device to 'xck26-sfvc784-2LV-c'
Command       create_platform done; 25.17 sec.
Execute       source /tools/Xilinx/Vitis_HLS/2022.2/common/technology/xilinx/common/xilinx.gen 
Execute         source /tools/Xilinx/Vitis_HLS/2022.2/common/technology/xilinx/interface/plb46.gen 
Execute         source /tools/Xilinx/Vitis_HLS/2022.2/common/technology/xilinx/interface/axi4.gen 
Execute         source /tools/Xilinx/Vitis_HLS/2022.2/common/technology/xilinx/interface/nativeAXI4.gen 
Execute           source /tools/Xilinx/Vitis_HLS/2022.2/common/technology/xilinx/interface/saxilite.gen 
Execute         source /tools/Xilinx/Vitis_HLS/2022.2/common/technology/xilinx/scripts/xilinxcoregen.gen 
Execute         source /tools/Xilinx/Vitis_HLS/2022.2/common/technology/xilinx/interface/XilEDKCoreGen.gen 
Execute         source /tools/Xilinx/Vitis_HLS/2022.2/common/technology/xilinx/ip/xfft.gen 
Command         ap_source done; 0.32 sec.
Execute         source /tools/Xilinx/Vitis_HLS/2022.2/common/technology/xilinx/ip/xfir.gen 
Execute         source /tools/Xilinx/Vitis_HLS/2022.2/common/technology/xilinx/ip/util.gen 
Execute         source /tools/Xilinx/Vitis_HLS/2022.2/common/technology/xilinx/ip/dds_compiler.gen 
Execute         source /tools/Xilinx/Vitis_HLS/2022.2/common/technology/xilinx/DSP48/dsp48.gen 
Command       ap_source done; 0.85 sec.
Execute       ap_part_info -name xck26-sfvc784-2LV-c -data info 
Execute       config_compile -quiet -complex-mul-dsp=0 
Command     set_part done; 26.09 sec.
Execute     create_clock -period 199.998000MHz -name default 
INFO: [HLS 200-1510] Running: create_clock -period 199.998000MHz -name default 
Execute       ap_set_clock -name default -period 5 -unit ns -default=false 
INFO: [SYN 201-201] Setting up clock 'default' with a period of 5ns.
Execute     config_rtl -kernel_profile 
INFO: [HLS 200-1510] Running: config_rtl -kernel_profile 
Execute     config_dataflow -strict_mode warning 
INFO: [HLS 200-1510] Running: config_dataflow -strict_mode warning 
Execute     config_debug -enable 
INFO: [HLS 200-1510] Running: config_debug -enable 
Execute     config_export -deadlock_detection none 
INFO: [HLS 200-1510] Running: config_export -deadlock_detection none 
WARNING: [HLS 200-483] The 'config_export -deadlock_detection' command is deprecated and will be removed in a future release. Use 'config_rtl -deadlock_detection' as its replacement.
INFO: [HLS 200-1907] Replacing 'config_export -deadlock_detection=none' with 'config_rtl -deadlock_detection=none' in current solution file
Execute     config_interface -m_axi_conservative_mode=1 
INFO: [HLS 200-1510] Running: config_interface -m_axi_conservative_mode=1 
Execute     config_interface -m_axi_addr64 
INFO: [HLS 200-1510] Running: config_interface -m_axi_addr64 
Execute     config_interface -m_axi_auto_max_ports=0 
INFO: [HLS 200-1510] Running: config_interface -m_axi_auto_max_ports=0 
Execute     config_export -format xo -ipname vadd 
INFO: [HLS 200-1510] Running: config_export -format xo -ipname vadd 
INFO: [HLS 200-1907] Replacing 'config_export -deadlock_detection=none' with 'config_rtl -deadlock_detection=none' in current solution file
Execute     csynth_design -synthesis_check 
INFO: [HLS 200-1510] Running: csynth_design -synthesis_check 
Execute       elaborate -effort=medium -skip_syncheck=0 -keep_printf=0 -skip_cdt=0 -skip_transform=2 -ng=0 -g=0 -opt_fp=0 -from_csynth_design=1 
INFO: [HLS 200-111] Finished File checks and directory preparation: CPU user time: 0.03 seconds. CPU system time: 0.01 seconds. Elapsed time: 0.04 seconds; current allocated memory: 753.949 MB.
INFO: [HLS 200-10] Analyzing design file '/home/petr/Documents/xilinx-workspace/vitis-workspace/dp/kria-1-overlaping-app_kernels/src/vector_addition.cpp' ... 
INFO-FLOW: Compiling one TU...
INFO-FLOW: Handling /home/petr/Documents/xilinx-workspace/vitis-workspace/dp/kria-1-overlaping-app_kernels/src/vector_addition.cpp as C++
Execute         ap_part_info -name xck26-sfvc784-2LV-c -data info 
INFO-FLOW: Running: GCC PP 39
INFO-FLOW: Source preprocessing
Execute         ap_eval exec -ignorestderr /tools/Xilinx/Vitis_HLS/2022.2/lnx64/tools/clang-3.9-csynth/bin/clang /home/petr/Documents/xilinx-workspace/vitis-workspace/dp/kria-1-overlaping-app_kernels/src/vector_addition.cpp -foptimization-record-file=/home/petr/Documents/xilinx-workspace/vitis-workspace/dp/kria-1-overlaping-app_kernels/Emulation-SW/build/vadd/vadd/vadd/solution/.autopilot/db/vector_addition.cpp.clang.diag.yml -mllvm -pass-remarks-missed=reflow|pasta|unroll -mllvm -pass-remarks=reflow|pasta|unroll|inline -fno-limit-debug-info -gcc-toolchain /tools/Xilinx/Vitis_HLS/2022.2/tps/lnx64/gcc-8.3.0 -fhls -fno-exceptions -E -g -I/home/petr/Documents/xilinx-workspace/vitis-workspace/dp/kria-1-overlaping-app_kernels/src -fno-math-errno -c -emit-llvm -mllvm -disable-llvm-optzns -Werror=implicit-function-declaration -Werror=implicit-hls-streams -Werror=return-type -Wpragmas -Wunused-parameter -Wdump-hls-pragmas -Wno-error=dump-hls-pragmas -fno-threadsafe-statics -fno-use-cxa-atexit -std=gnu++14 -target fpga64-xilinx-linux-gnu -fno-threadsafe-statics -fno-use-cxa-atexit -D__VITIS_HLS__ -DAESL_SYN -D__SYNTHESIS__ -D__HLS_SYN__ -I /tools/Xilinx/Vitis_HLS/2022.2/common/technology/autopilot -I /tools/Xilinx/Vitis_HLS/2022.2/common/technology/autopilot/ap_sysc -include etc/autopilot_ssdm_op.h -D__DSP48E2__ -I /usr/include/x86_64-linux-gnu -o /home/petr/Documents/xilinx-workspace/vitis-workspace/dp/kria-1-overlaping-app_kernels/Emulation-SW/build/vadd/vadd/vadd/solution/.autopilot/db/vector_addition.pp.0.cpp -hls-platform-db-name=/tools/Xilinx/Vitis_HLS/2022.2/common/technology/xilinx/common/platform.db -hls-platform-name=zynquplus_medium -device-resource-info=BRAM_288.000000_DSP_1248.000000_FF_234240.000000_LUT_117120.000000_SLICE_14640.000000_URAM_64.000000 -device-name-info=xck26-sfvc784-2LV-c > /home/petr/Documents/xilinx-workspace/vitis-workspace/dp/kria-1-overlaping-app_kernels/Emulation-SW/build/vadd/vadd/vadd/solution/.autopilot/db/vector_addition.cpp.clang.out.log 2> /home/petr/Documents/xilinx-workspace/vitis-workspace/dp/kria-1-overlaping-app_kernels/Emulation-SW/build/vadd/vadd/vadd/solution/.autopilot/db/vector_addition.cpp.clang.err.log 
Command         ap_eval done; 2.09 sec.
INFO-FLOW: Done: GCC PP 39 time: 2.1 seconds per iteration
Execute         set_directive_top vadd -name=vadd 
Execute         source /tools/Xilinx/Vitis_HLS/2022.2/tps/tcl/tcllib1.11.1/yaml/huddle.tcl 
Execute         source /tools/Xilinx/Vitis_HLS/2022.2/tps/tcl/tcllib1.11.1/yaml/json2huddle.tcl 
INFO-FLOW: Source syntax check for synthesis
Execute         ap_eval exec -ignorestderr /tools/Xilinx/Vitis_HLS/2022.2/lnx64/tools/clang-3.9-csynth/bin/clang -foptimization-record-file=/home/petr/Documents/xilinx-workspace/vitis-workspace/dp/kria-1-overlaping-app_kernels/Emulation-SW/build/vadd/vadd/vadd/solution/.autopilot/db/clang.diag.yml -mllvm -pass-remarks-missed=reflow|pasta|unroll -mllvm -pass-remarks=reflow|pasta|unroll|inline -fsyntax-only -fhls -target fpga64-xilinx-linux-gnu /home/petr/Documents/xilinx-workspace/vitis-workspace/dp/kria-1-overlaping-app_kernels/Emulation-SW/build/vadd/vadd/vadd/solution/.autopilot/db/vector_addition.pp.0.cpp -hls-platform-db-name=/tools/Xilinx/Vitis_HLS/2022.2/common/technology/xilinx/common/platform.db -hls-platform-name=zynquplus_medium -device-resource-info=BRAM_288.000000_DSP_1248.000000_FF_234240.000000_LUT_117120.000000_SLICE_14640.000000_URAM_64.000000 -device-name-info=xck26-sfvc784-2LV-c > /home/petr/Documents/xilinx-workspace/vitis-workspace/dp/kria-1-overlaping-app_kernels/Emulation-SW/build/vadd/vadd/vadd/solution/.autopilot/db/clang.out.log 2> /home/petr/Documents/xilinx-workspace/vitis-workspace/dp/kria-1-overlaping-app_kernels/Emulation-SW/build/vadd/vadd/vadd/solution/.autopilot/db/clang.err.log 
Command         ap_eval done; 0.79 sec.
Execute         clang_tidy xilinx-systemc-detector -desc systemc-detector /home/petr/Documents/xilinx-workspace/vitis-workspace/dp/kria-1-overlaping-app_kernels/Emulation-SW/build/vadd/vadd/vadd/solution/.autopilot/db/vector_addition.pp.0.cpp std=gnu++14 -target fpga  -directive=/home/petr/Documents/xilinx-workspace/vitis-workspace/dp/kria-1-overlaping-app_kernels/Emulation-SW/build/vadd/vadd/vadd/solution/.autopilot/db/.systemc_flag 
INFO-FLOW: exec /tools/Xilinx/Vitis_HLS/2022.2/lnx64/tools/clang-3.9-csynth/bin/clang-tidy -header-filter=.* --checks=-*,xilinx-systemc-detector -import-directive=/home/petr/Documents/xilinx-workspace/vitis-workspace/dp/kria-1-overlaping-app_kernels/Emulation-SW/build/vadd/vadd/vadd/solution/.autopilot/db/.systemc_flag -fix-errors /home/petr/Documents/xilinx-workspace/vitis-workspace/dp/kria-1-overlaping-app_kernels/Emulation-SW/build/vadd/vadd/vadd/solution/.autopilot/db/vector_addition.pp.0.cpp -- -std=gnu++14 -target fpga -fhls -ferror-limit=0
Command         clang_tidy done; 1.79 sec.
INFO-FLOW: Running: clang-tidy CDT preprocess 39
Execute         clang_tidy xilinx-directive2pragma -desc directive2pragma /home/petr/Documents/xilinx-workspace/vitis-workspace/dp/kria-1-overlaping-app_kernels/Emulation-SW/build/vadd/vadd/vadd/solution/.autopilot/db/vector_addition.pp.0.cpp std=gnu++14 -target fpga  -directive=/home/petr/Documents/xilinx-workspace/vitis-workspace/dp/kria-1-overlaping-app_kernels/Emulation-SW/build/vadd/vadd/vadd/solution/.autopilot/db/all.directive.json 
INFO-FLOW: exec /tools/Xilinx/Vitis_HLS/2022.2/lnx64/tools/clang-3.9-csynth/bin/clang-tidy -header-filter=.* --checks=-*,xilinx-directive2pragma -import-directive=/home/petr/Documents/xilinx-workspace/vitis-workspace/dp/kria-1-overlaping-app_kernels/Emulation-SW/build/vadd/vadd/vadd/solution/.autopilot/db/all.directive.json -fix-errors /home/petr/Documents/xilinx-workspace/vitis-workspace/dp/kria-1-overlaping-app_kernels/Emulation-SW/build/vadd/vadd/vadd/solution/.autopilot/db/vector_addition.pp.0.cpp -- -std=gnu++14 -target fpga -fhls -ferror-limit=0
Command         clang_tidy done; 0.17 sec.
Execute         clang_tidy xilinx-remove-assert -desc remove-assert /home/petr/Documents/xilinx-workspace/vitis-workspace/dp/kria-1-overlaping-app_kernels/Emulation-SW/build/vadd/vadd/vadd/solution/.autopilot/db/vector_addition.pp.0.cpp std=gnu++14 -target fpga  
INFO-FLOW: exec /tools/Xilinx/Vitis_HLS/2022.2/lnx64/tools/clang-3.9-csynth/bin/clang-tidy -header-filter=.* --checks=-*,xilinx-remove-assert -fix-errors /home/petr/Documents/xilinx-workspace/vitis-workspace/dp/kria-1-overlaping-app_kernels/Emulation-SW/build/vadd/vadd/vadd/solution/.autopilot/db/vector_addition.pp.0.cpp -- -std=gnu++14 -target fpga -fhls -ferror-limit=0
Command         clang_tidy done; 0.12 sec.
INFO-FLOW: Done: clang-tidy CDT preprocess 39 time: 0.3 seconds per iteration
Execute         ap_part_info -name xck26-sfvc784-2LV-c -data info 
INFO-FLOW: compiling source code to llvm bc
Execute         ap_eval exec -ignorestderr /tools/Xilinx/Vitis_HLS/2022.2/lnx64/tools/clang-3.9-csynth/bin/clang -foptimization-record-file=/home/petr/Documents/xilinx-workspace/vitis-workspace/dp/kria-1-overlaping-app_kernels/Emulation-SW/build/vadd/vadd/vadd/solution/.autopilot/db/vector_addition.pp.0.cpp.clang.diag.yml -mllvm -pass-remarks-missed=reflow|pasta|unroll -mllvm -pass-remarks=reflow|pasta|unroll|inline -fno-limit-debug-info -fhls -flto -fno-exceptions -Wno-error=c++11-narrowing /home/petr/Documents/xilinx-workspace/vitis-workspace/dp/kria-1-overlaping-app_kernels/Emulation-SW/build/vadd/vadd/vadd/solution/.autopilot/db/vector_addition.pp.0.cpp -g -I/home/petr/Documents/xilinx-workspace/vitis-workspace/dp/kria-1-overlaping-app_kernels/src -fno-math-errno -c -emit-llvm -mllvm -disable-llvm-optzns -Werror=implicit-function-declaration -Werror=implicit-hls-streams -Werror=return-type -Wpragmas -Wunused-parameter -Wdump-hls-pragmas -Wno-error=dump-hls-pragmas -fno-threadsafe-statics -fno-use-cxa-atexit -std=gnu++14 -target fpga64-xilinx-linux-gnu -D__VITIS_HLS__ -DAESL_SYN -D__SYNTHESIS__ -D__HLS_SYN__ -I /tools/Xilinx/Vitis_HLS/2022.2/common/technology/autopilot -I /tools/Xilinx/Vitis_HLS/2022.2/common/technology/autopilot/ap_sysc -include etc/autopilot_ssdm_op.h -D__DSP48E2__ -g -o /home/petr/Documents/xilinx-workspace/vitis-workspace/dp/kria-1-overlaping-app_kernels/Emulation-SW/build/vadd/vadd/vadd/solution/.autopilot/db/vector_addition.bc -hls-platform-db-name=/tools/Xilinx/Vitis_HLS/2022.2/common/technology/xilinx/common/platform.db -hls-platform-name=zynquplus_medium -device-resource-info=BRAM_288.000000_DSP_1248.000000_FF_234240.000000_LUT_117120.000000_SLICE_14640.000000_URAM_64.000000 -device-name-info=xck26-sfvc784-2LV-c > /home/petr/Documents/xilinx-workspace/vitis-workspace/dp/kria-1-overlaping-app_kernels/Emulation-SW/build/vadd/vadd/vadd/solution/.autopilot/db/vector_addition.pp.0.cpp.clang.out.log 2> /home/petr/Documents/xilinx-workspace/vitis-workspace/dp/kria-1-overlaping-app_kernels/Emulation-SW/build/vadd/vadd/vadd/solution/.autopilot/db/vector_addition.pp.0.cpp.clang.err.log 
Command         ap_eval done; 0.56 sec.
INFO: [HLS 200-111] Finished Source Code Analysis and Preprocessing: CPU user time: 1.02 seconds. CPU system time: 1.31 seconds. Elapsed time: 5.77 seconds; current allocated memory: 755.188 MB.
INFO-FLOW: Linking Debug ...
INFO-FLOW: Linking dut bc code.
Execute         run_link_or_opt -out /home/petr/Documents/xilinx-workspace/vitis-workspace/dp/kria-1-overlaping-app_kernels/Emulation-SW/build/vadd/vadd/vadd/solution/.autopilot/db/a.g.ld.0.bc -args  "/home/petr/Documents/xilinx-workspace/vitis-workspace/dp/kria-1-overlaping-app_kernels/Emulation-SW/build/vadd/vadd/vadd/solution/.autopilot/db/vector_addition.g.bc"  
Execute           ap_eval exec -ignorestderr /tools/Xilinx/Vitis_HLS/2022.2/lnx64/tools/clang-3.9-csynth/bin/llvm-link /home/petr/Documents/xilinx-workspace/vitis-workspace/dp/kria-1-overlaping-app_kernels/Emulation-SW/build/vadd/vadd/vadd/solution/.autopilot/db/vector_addition.g.bc -o /home/petr/Documents/xilinx-workspace/vitis-workspace/dp/kria-1-overlaping-app_kernels/Emulation-SW/build/vadd/vadd/vadd/solution/.autopilot/db/a.g.ld.0.bc > /home/petr/Documents/xilinx-workspace/vitis-workspace/dp/kria-1-overlaping-app_kernels/Emulation-SW/build/vadd/vadd/vadd/solution/.autopilot/db/a.g.ld.0.bc.llvm-link.out.log 2> /home/petr/Documents/xilinx-workspace/vitis-workspace/dp/kria-1-overlaping-app_kernels/Emulation-SW/build/vadd/vadd/vadd/solution/.autopilot/db/a.g.ld.0.bc.llvm-link.err.log 
Command           ap_eval done; 0.33 sec.
INFO-FLOW: 
Command         run_link_or_opt done; 0.33 sec.
Execute         run_link_or_opt -opt -out /home/petr/Documents/xilinx-workspace/vitis-workspace/dp/kria-1-overlaping-app_kernels/Emulation-SW/build/vadd/vadd/vadd/solution/.autopilot/db/a.g.ld.1.lower.bc -args /home/petr/Documents/xilinx-workspace/vitis-workspace/dp/kria-1-overlaping-app_kernels/Emulation-SW/build/vadd/vadd/vadd/solution/.autopilot/db/a.g.ld.0.bc -reflow-lower-math-intrinsics 
Execute           ap_eval exec -ignorestderr /tools/Xilinx/Vitis_HLS/2022.2/lnx64/tools/clang-3.9-csynth/bin/opt -pass-remarks-missed=reflow|pasta|unroll -pass-remarks=reflow|pasta|unroll|inline -pass-remarks-output=/home/petr/Documents/xilinx-workspace/vitis-workspace/dp/kria-1-overlaping-app_kernels/Emulation-SW/build/vadd/vadd/vadd/solution/.autopilot/db/a.g.ld.1.lower.bc.opt.diag.yml /home/petr/Documents/xilinx-workspace/vitis-workspace/dp/kria-1-overlaping-app_kernels/Emulation-SW/build/vadd/vadd/vadd/solution/.autopilot/db/a.g.ld.0.bc -reflow-lower-math-intrinsics -o /home/petr/Documents/xilinx-workspace/vitis-workspace/dp/kria-1-overlaping-app_kernels/Emulation-SW/build/vadd/vadd/vadd/solution/.autopilot/db/a.g.ld.1.lower.bc > /home/petr/Documents/xilinx-workspace/vitis-workspace/dp/kria-1-overlaping-app_kernels/Emulation-SW/build/vadd/vadd/vadd/solution/.autopilot/db/a.g.ld.1.lower.bc.opt.out.log 2> /home/petr/Documents/xilinx-workspace/vitis-workspace/dp/kria-1-overlaping-app_kernels/Emulation-SW/build/vadd/vadd/vadd/solution/.autopilot/db/a.g.ld.1.lower.bc.opt.err.log 
Command           ap_eval done; 1.01 sec.
INFO-FLOW: 
Command         run_link_or_opt done; 1.03 sec.
INFO-FLOW: Linking math bc lib
Execute         run_link_or_opt -out /home/petr/Documents/xilinx-workspace/vitis-workspace/dp/kria-1-overlaping-app_kernels/Emulation-SW/build/vadd/vadd/vadd/solution/.autopilot/db/a.g.ld.2.m1.bc -args /home/petr/Documents/xilinx-workspace/vitis-workspace/dp/kria-1-overlaping-app_kernels/Emulation-SW/build/vadd/vadd/vadd/solution/.autopilot/db/a.g.ld.1.lower.bc -only-needed /tools/Xilinx/Vitis_HLS/2022.2/lnx64/lib/libhlsm_39.bc /tools/Xilinx/Vitis_HLS/2022.2/lnx64/lib/libhlsmc++_39.bc 
Execute           ap_eval exec -ignorestderr /tools/Xilinx/Vitis_HLS/2022.2/lnx64/tools/clang-3.9-csynth/bin/llvm-link /home/petr/Documents/xilinx-workspace/vitis-workspace/dp/kria-1-overlaping-app_kernels/Emulation-SW/build/vadd/vadd/vadd/solution/.autopilot/db/a.g.ld.1.lower.bc -only-needed /tools/Xilinx/Vitis_HLS/2022.2/lnx64/lib/libhlsm_39.bc /tools/Xilinx/Vitis_HLS/2022.2/lnx64/lib/libhlsmc++_39.bc -o /home/petr/Documents/xilinx-workspace/vitis-workspace/dp/kria-1-overlaping-app_kernels/Emulation-SW/build/vadd/vadd/vadd/solution/.autopilot/db/a.g.ld.2.m1.bc > /home/petr/Documents/xilinx-workspace/vitis-workspace/dp/kria-1-overlaping-app_kernels/Emulation-SW/build/vadd/vadd/vadd/solution/.autopilot/db/a.g.ld.2.m1.bc.llvm-link.out.log 2> /home/petr/Documents/xilinx-workspace/vitis-workspace/dp/kria-1-overlaping-app_kernels/Emulation-SW/build/vadd/vadd/vadd/solution/.autopilot/db/a.g.ld.2.m1.bc.llvm-link.err.log 
Command           ap_eval done; 6.29 sec.
INFO-FLOW: 
Command         run_link_or_opt done; 6.29 sec.
Execute         run_link_or_opt -opt -out /home/petr/Documents/xilinx-workspace/vitis-workspace/dp/kria-1-overlaping-app_kernels/Emulation-SW/build/vadd/vadd/vadd/solution/.autopilot/db/a.g.ld.3.fpc.bc -args /home/petr/Documents/xilinx-workspace/vitis-workspace/dp/kria-1-overlaping-app_kernels/Emulation-SW/build/vadd/vadd/vadd/solution/.autopilot/db/a.g.ld.2.m1.bc -reflow-globaldce -hls-top-function-name=vadd -reflow-float-conversion 
Execute           ap_eval exec -ignorestderr /tools/Xilinx/Vitis_HLS/2022.2/lnx64/tools/clang-3.9-csynth/bin/opt -pass-remarks-missed=reflow|pasta|unroll -pass-remarks=reflow|pasta|unroll|inline -pass-remarks-output=/home/petr/Documents/xilinx-workspace/vitis-workspace/dp/kria-1-overlaping-app_kernels/Emulation-SW/build/vadd/vadd/vadd/solution/.autopilot/db/a.g.ld.3.fpc.bc.opt.diag.yml /home/petr/Documents/xilinx-workspace/vitis-workspace/dp/kria-1-overlaping-app_kernels/Emulation-SW/build/vadd/vadd/vadd/solution/.autopilot/db/a.g.ld.2.m1.bc -reflow-globaldce -hls-top-function-name=vadd -reflow-float-conversion -o /home/petr/Documents/xilinx-workspace/vitis-workspace/dp/kria-1-overlaping-app_kernels/Emulation-SW/build/vadd/vadd/vadd/solution/.autopilot/db/a.g.ld.3.fpc.bc > /home/petr/Documents/xilinx-workspace/vitis-workspace/dp/kria-1-overlaping-app_kernels/Emulation-SW/build/vadd/vadd/vadd/solution/.autopilot/db/a.g.ld.3.fpc.bc.opt.out.log 2> /home/petr/Documents/xilinx-workspace/vitis-workspace/dp/kria-1-overlaping-app_kernels/Emulation-SW/build/vadd/vadd/vadd/solution/.autopilot/db/a.g.ld.3.fpc.bc.opt.err.log 
Command           ap_eval done; 2.22 sec.
INFO-FLOW: 
Command         run_link_or_opt done; 2.22 sec.
Execute         run_link_or_opt -out /home/petr/Documents/xilinx-workspace/vitis-workspace/dp/kria-1-overlaping-app_kernels/Emulation-SW/build/vadd/vadd/vadd/solution/.autopilot/db/a.g.ld.4.m2.bc -args /home/petr/Documents/xilinx-workspace/vitis-workspace/dp/kria-1-overlaping-app_kernels/Emulation-SW/build/vadd/vadd/vadd/solution/.autopilot/db/a.g.ld.3.fpc.bc -only-needed /tools/Xilinx/Vitis_HLS/2022.2/lnx64/lib/libfloatconversion_39.bc 
Execute           ap_eval exec -ignorestderr /tools/Xilinx/Vitis_HLS/2022.2/lnx64/tools/clang-3.9-csynth/bin/llvm-link /home/petr/Documents/xilinx-workspace/vitis-workspace/dp/kria-1-overlaping-app_kernels/Emulation-SW/build/vadd/vadd/vadd/solution/.autopilot/db/a.g.ld.3.fpc.bc -only-needed /tools/Xilinx/Vitis_HLS/2022.2/lnx64/lib/libfloatconversion_39.bc -o /home/petr/Documents/xilinx-workspace/vitis-workspace/dp/kria-1-overlaping-app_kernels/Emulation-SW/build/vadd/vadd/vadd/solution/.autopilot/db/a.g.ld.4.m2.bc > /home/petr/Documents/xilinx-workspace/vitis-workspace/dp/kria-1-overlaping-app_kernels/Emulation-SW/build/vadd/vadd/vadd/solution/.autopilot/db/a.g.ld.4.m2.bc.llvm-link.out.log 2> /home/petr/Documents/xilinx-workspace/vitis-workspace/dp/kria-1-overlaping-app_kernels/Emulation-SW/build/vadd/vadd/vadd/solution/.autopilot/db/a.g.ld.4.m2.bc.llvm-link.err.log 
Command           ap_eval done; 0.35 sec.
INFO-FLOW: 
Command         run_link_or_opt done; 0.35 sec.
Execute         run_link_or_opt -opt -out /home/petr/Documents/xilinx-workspace/vitis-workspace/dp/kria-1-overlaping-app_kernels/Emulation-SW/build/vadd/vadd/vadd/solution/.autopilot/db/a.g.ld.5.gdce.bc -args /home/petr/Documents/xilinx-workspace/vitis-workspace/dp/kria-1-overlaping-app_kernels/Emulation-SW/build/vadd/vadd/vadd/solution/.autopilot/db/a.g.ld.4.m2.bc -reflow-globaldce -hls-top-function-name=vadd 
Execute           ap_eval exec -ignorestderr /tools/Xilinx/Vitis_HLS/2022.2/lnx64/tools/clang-3.9-csynth/bin/opt -pass-remarks-missed=reflow|pasta|unroll -pass-remarks=reflow|pasta|unroll|inline -pass-remarks-output=/home/petr/Documents/xilinx-workspace/vitis-workspace/dp/kria-1-overlaping-app_kernels/Emulation-SW/build/vadd/vadd/vadd/solution/.autopilot/db/a.g.ld.5.gdce.bc.opt.diag.yml /home/petr/Documents/xilinx-workspace/vitis-workspace/dp/kria-1-overlaping-app_kernels/Emulation-SW/build/vadd/vadd/vadd/solution/.autopilot/db/a.g.ld.4.m2.bc -reflow-globaldce -hls-top-function-name=vadd -o /home/petr/Documents/xilinx-workspace/vitis-workspace/dp/kria-1-overlaping-app_kernels/Emulation-SW/build/vadd/vadd/vadd/solution/.autopilot/db/a.g.ld.5.gdce.bc > /home/petr/Documents/xilinx-workspace/vitis-workspace/dp/kria-1-overlaping-app_kernels/Emulation-SW/build/vadd/vadd/vadd/solution/.autopilot/db/a.g.ld.5.gdce.bc.opt.out.log 2> /home/petr/Documents/xilinx-workspace/vitis-workspace/dp/kria-1-overlaping-app_kernels/Emulation-SW/build/vadd/vadd/vadd/solution/.autopilot/db/a.g.ld.5.gdce.bc.opt.err.log 
Command           ap_eval done; 0.14 sec.
INFO-FLOW: 
Command         run_link_or_opt done; 0.15 sec.
Execute         send_msg_by_id INFO @200-777@%s Vitis 
INFO: [HLS 200-777] Using interface defaults for 'Vitis' flow target.
Execute         is_m_axi_addr64 
INFO-FLOW: Doing LTO.
Execute         ap_eval exec -ignorestderr /tools/Xilinx/Vitis_HLS/2022.2/lnx64/tools/clang-3.9-csynth/bin/clang -foptimization-record-file=/home/petr/Documents/xilinx-workspace/vitis-workspace/dp/kria-1-overlaping-app_kernels/Emulation-SW/build/vadd/vadd/vadd/solution/.autopilot/db/a.g.ld.0.bc.clang.diag.yml -mllvm -pass-remarks-missed=reflow|pasta|unroll -mllvm -pass-remarks=reflow|pasta|unroll|inline -fhls -mllvm -hls-top-function-name=vadd -mllvm -hls-db-dir -mllvm /home/petr/Documents/xilinx-workspace/vitis-workspace/dp/kria-1-overlaping-app_kernels/Emulation-SW/build/vadd/vadd/vadd/solution/.autopilot/db -emit-llvm -c -target fpga64-xilinx-none -mllvm -xcl-xmlinfo=/home/petr/Documents/xilinx-workspace/vitis-workspace/dp/kria-1-overlaping-app_kernels/Emulation-SW/build/vadd/vadd/vadd/solution/.autopilot/db/../../../kernel.xml -mllvm -top-io-mapping-info=/home/petr/Documents/xilinx-workspace/vitis-workspace/dp/kria-1-overlaping-app_kernels/Emulation-SW/build/vadd/vadd/vadd/solution/.autopilot/db/top-io-fe.xml -mllvm -xcl-target=cpu -mllvm -hls-bitcode-version=3.1 -mllvm -reflow-enable-slave-interface-default-setting=true -mllvm -gen-kernel-xml=true -mllvm -default-maxi-offset=slave -mllvm -maxi-latency=64 -mllvm -hls-maxi-data-size-in-bits=8 -mllvm -hls-maxi-max-data-size-in-bits=1024 -mllvm -hls-max-widen-size-in-bits=512 -mllvm -xcl-kernel-max-mem-ports=0 -mllvm -maxi-read-trans=16 -mllvm -maxi-write-trans=16 -mllvm -maxi-read-burst-len=16 -mllvm -maxi-write-burst-len=16 -mllvm -reflow-enable-saxi-64bits=0 -mllvm -reflow-basic-block-instr-threshold=200000 -mllvm -reflow-auto-pipeline-threshold=64 -mllvm -reflow-enable-maxi-auto-id-channel=0 -mllvm -assume-maxi-align=64 -mllvm -reflow-pipeline-style-llvm-setting=2 -mllvm -reflow-enable-dataflow-strict-mode-checking=1 -mllvm -reflow-auto-array-partition-mode=default -mllvm -reflow-enable-auto-array-partition=true -mllvm -reflow-enable-auto-parallel-performance-driven=true -mllvm -reflow-enable-partition-for-automation=true -mllvm -reflow-aggregate-bitwidth-threshold=4096 -mllvm -reflow-assume-no-address-wrap=true -mllvm -hls -mllvm -disable-inlined-alloca-merging=true -mllvm -enable-reflow-vitis-flow-setting=true -mllvm -default-clock-period=5 -x ir /home/petr/Documents/xilinx-workspace/vitis-workspace/dp/kria-1-overlaping-app_kernels/Emulation-SW/build/vadd/vadd/vadd/solution/.autopilot/db/a.g.ld.5.gdce.bc -o /home/petr/Documents/xilinx-workspace/vitis-workspace/dp/kria-1-overlaping-app_kernels/Emulation-SW/build/vadd/vadd/vadd/solution/.autopilot/db/a.g.lto.bc -hls-platform-db-name=/tools/Xilinx/Vitis_HLS/2022.2/common/technology/xilinx/common/platform.db -hls-platform-name=zynquplus_medium -device-resource-info=BRAM_288.000000_DSP_1248.000000_FF_234240.000000_LUT_117120.000000_SLICE_14640.000000_URAM_64.000000 -device-name-info=xck26-sfvc784-2LV-c > /home/petr/Documents/xilinx-workspace/vitis-workspace/dp/kria-1-overlaping-app_kernels/Emulation-SW/build/vadd/vadd/vadd/solution/.autopilot/db/a.g.ld.0.bc.clang.out.log 2> /home/petr/Documents/xilinx-workspace/vitis-workspace/dp/kria-1-overlaping-app_kernels/Emulation-SW/build/vadd/vadd/vadd/solution/.autopilot/db/a.g.ld.0.bc.clang.err.log 
Command         ap_eval done; 1.38 sec.
INFO-FLOW: DBG:PUTS: copy_raw_kernel_xml ap_link_39: copying raw kernel.xml: /home/petr/Documents/xilinx-workspace/vitis-workspace/dp/kria-1-overlaping-app_kernels/Emulation-SW/build/vadd/vadd/vadd/solution/.autopilot/db/../../../kernel.xml -> /home/petr/Documents/xilinx-workspace/vitis-workspace/dp/kria-1-overlaping-app_kernels/Emulation-SW/build/vadd/vadd/vadd/solution/.autopilot/db/kernel.internal.xml
INFO: [HLS 200-111] Finished Compiling Optimization and Transform: CPU user time: 7.74 seconds. CPU system time: 1.7 seconds. Elapsed time: 11.81 seconds; current allocated memory: 755.496 MB.
INFO: [HLS 200-111] Finished Checking Pragmas: CPU user time: 0 seconds. CPU system time: 0 seconds. Elapsed time: 0 seconds; current allocated memory: 755.496 MB.
Command       elaborate done; 17.6 sec.
Execute       ap_eval exec zip -j /home/petr/Documents/xilinx-workspace/vitis-workspace/dp/kria-1-overlaping-app_kernels/Emulation-SW/build/vadd/vadd/vadd/solution/.autopilot/db/dut.hcp $dbDir/a.o.3.bc $dbDir/${topname}.rtl_wrap.cfg.tcl $dbDir/apatb_${topname}.cpp $dbDir/apatb_${topname}_util.cpp $dbDir/apatb_${topname}_ir.ll $dbDir/mapper_${topname}.cpp $dbDir/top-io-fe.xml $dbDir/kernel.internal.xml $workdir/../hls.app 
Command       ap_eval done; 0.14 sec.
Execute       send_msg_by_id INFO @200-1493@ 
INFO: [HLS 200-1493] Running only source code synthesis checks, skipping scheduling and RTL generation.
INFO-FLOW: DBG:PUTS:       kernel.xml check internal_kernel_xml(1)=/home/petr/Documents/xilinx-workspace/vitis-workspace/dp/kria-1-overlaping-app_kernels/Emulation-SW/build/vadd/vadd/vadd/solution/.autopilot/db/kernel.internal.xml top=vadd
INFO-FLOW: DBG:PUTS:       kernel.xml check proj_kernel_xml    (1)=/home/petr/Documents/xilinx-workspace/vitis-workspace/dp/kria-1-overlaping-app_kernels/Emulation-SW/build/vadd/vadd/vadd/solution/.autopilot/db/../../../kernel.xml
INFO-FLOW: DBG:PUTS:       copy internal kernel.xml to project: /home/petr/Documents/xilinx-workspace/vitis-workspace/dp/kria-1-overlaping-app_kernels/Emulation-SW/build/vadd/vadd/vadd/solution/.autopilot/db/../../../kernel.xml
INFO-FLOW: DBG:PUTS:       update_final_kernel_xml /home/petr/Documents/xilinx-workspace/vitis-workspace/dp/kria-1-overlaping-app_kernels/Emulation-SW/build/vadd/vadd/vadd/solution/.autopilot/db/../../../kernel.xml
INFO-FLOW: DBG:PUTS: Updating /home/petr/Documents/xilinx-workspace/vitis-workspace/dp/kria-1-overlaping-app_kernels/Emulation-SW/build/vadd/vadd/vadd/solution/.autopilot/db/../../../kernel.xml with values: interrupt true debug true compileOptions {-g -I /home/petr/Documents/xilinx-workspace/vitis-workspace/dp/kria-1-overlaping-app_kernels/src} name vadd vlnv xilinx.com:hls:vadd:1.0 swReset false mailbox none countedAutoRestart 0 deadlockDetection local
Command     csynth_design done; 17.78 sec.
INFO: [HLS 200-111] Finished Command csynth_design CPU user time: 8.8 seconds. CPU system time: 3.1 seconds. Elapsed time: 17.78 seconds; current allocated memory: 1.949 MB.
Execute     close_project 
INFO: [HLS 200-1510] Running: close_project 
Execute       close_solution 
Execute         cleanup_all 
Execute         cleanup_all 
