\BOOKMARK [1][-]{section.1}{\376\377\000\332\000v\000o\000d}{}% 1
\BOOKMARK [1][-]{section.2}{\376\377\000T\000e\000o\000r\000e\000t\000i\000c\000k\000\375\000\040\000z\000\341\000k\000l\000a\000d}{}% 2
\BOOKMARK [2][-]{subsection.2.1}{\376\377\000E\000m\000b\000e\000d\000d\000e\000d\000\040\000S\000y\000s\000t\000e\000m\000s}{section.2}% 3
\BOOKMARK [3][-]{subsubsection.2.1.1}{\376\377\000A\000p\000p\000l\000i\000c\000a\000t\000i\000o\000n\000\040\000S\000p\000e\000c\000i\000f\000i\000c\000\040\000I\000n\000t\000e\000g\000r\000a\000t\000e\000d\000\040\000C\000i\000r\000c\000u\000i\000t}{subsection.2.1}% 4
\BOOKMARK [3][-]{subsubsection.2.1.2}{\376\377\000H\000a\000r\000d\000w\000a\000r\000e\000\040\000A\000c\000c\000e\000l\000e\000r\000a\000t\000e\000d\000\040\000A\000p\000p\000l\000i\000c\000a\000t\000i\000o\000n\000s}{subsection.2.1}% 5
\BOOKMARK [2][-]{subsection.2.2}{\376\377\000L\000o\000g\000i\000c\000k\000\351\000\040\000p\000r\000o\000g\000r\000a\000m\000o\000v\000a\000t\000e\000l\000n\000\351\000\040\000p\000o\000l\000e\000\040\040\023\000\040\000F\000P\000G\000A}{section.2}% 6
\BOOKMARK [3][-]{subsubsection.2.2.1}{\376\377\000P\000o\000p\000i\000s\000\040\000f\000u\000n\000k\000c\000e}{subsection.2.2}% 7
\BOOKMARK [3][-]{subsubsection.2.2.2}{\376\377\000P\000r\000o\000g\000r\000a\000m\000o\000v\000\341\000n\000\355}{subsection.2.2}% 8
\BOOKMARK [2][-]{subsection.2.3}{\376\377\000V\000y\000u\001\176\000i\000t\000\355}{section.2}% 9
\BOOKMARK [2][-]{subsection.2.4}{\376\377\000S\000p\000o\000t\001\131\000e\000b\000a}{section.2}% 10
\BOOKMARK [2][-]{subsection.2.5}{\376\377\000V\000\375\000p\000o\001\015\000e\000t\000n\000\355\000\040\000v\000\375\000k\000o\000n\000\040\000a\000\040\000p\000r\000o\000p\000u\000s\000t\000n\000o\000s\000t}{section.2}% 11
\BOOKMARK [3][-]{subsubsection.2.5.1}{\376\377\000A\000p\000l\000i\000k\000a\000c\000e\000\040\000v\000\040\000e\000l\000e\000k\000t\000r\000t\000i\000c\000k\000\375\000c\000h\000\040\000p\000o\000h\000o\000n\000e\000c\000h}{subsection.2.5}% 12
\BOOKMARK [2][-]{subsection.2.6}{\376\377\000V\000\375\000v\000o\000j\000o\000v\000\341\000\040\000d\000e\000s\000k\000a\000\040\000D\000i\000g\000i\000l\000e\000n\000t\000\040\000Z\000y\000b\000o}{section.2}% 13
\BOOKMARK [3][-]{subsubsection.2.6.1}{\376\377\000P\000a\000r\000a\000m\000e\000t\000r\000y\000\040\000a\000\040\000s\000l\000o\001\176\000e\000n\000\355}{subsection.2.6}% 14
\BOOKMARK [3][-]{subsubsection.2.6.2}{\376\377\000M\000o\001\176\000n\000\351\000\040\000a\000l\000t\000e\000r\000n\000a\000t\000i\000v\000y}{subsection.2.6}% 15
\BOOKMARK [1][-]{section.3}{\376\377\000M\000a\000t\000e\000m\000a\000t\000i\000c\000k\000\375\000\040\000m\000o\000d\000e\000l\000\040\000s\000t\000r\000o\000j\000e}{}% 16
\BOOKMARK [2][-]{subsection.3.1}{\376\377\000P\001\131\000e\000d\000s\000t\000a\000v\000e\000n\000\355\000\040\000s\000t\000r\000o\000j\000e}{section.3}% 17
\BOOKMARK [2][-]{subsection.3.2}{\376\377\000O\000d\000v\000o\000z\000e\000n\000\355\000\040\000m\000o\000d\000e\000l\000u}{section.3}% 18
\BOOKMARK [2][-]{subsection.3.3}{\376\377\000O\000p\000t\000i\000m\000a\000l\000i\000z\000a\000c\000e\000\040\000m\000o\000d\000e\000l\000u}{section.3}% 19
\BOOKMARK [1][-]{section.4}{\376\377\000P\000r\000o\000g\000r\000a\000m\000\040\000p\000r\000o\000\040\000F\000P\000G\000A\000\040\000a\000\040\000C\000P\000U}{}% 20
\BOOKMARK [2][-]{subsection.4.1}{\376\377\000P\000o\000u\001\176\000i\000t\000\351\000\040\000n\000\341\000s\000t\000r\000o\000j\000e}{section.4}% 21
\BOOKMARK [3][-]{subsubsection.4.1.1}{\376\377\000X\000i\000l\000i\000n\000x\000\040\000V\000i\000v\000a\000d\000o}{subsection.4.1}% 22
\BOOKMARK [3][-]{subsubsection.4.1.2}{\376\377\000X\000i\000l\000i\000n\000x\000\040\000V\000i\000t\000i\000s}{subsection.4.1}% 23
\BOOKMARK [3][-]{subsubsection.4.1.3}{\376\377\000P\000e\000t\000a\000l\000i\000n\000u\000x}{subsection.4.1}% 24
\BOOKMARK [3][-]{subsubsection.4.1.4}{\376\377\000P\000r\000o\000g\000r\000a\000m\000o\000v\000a\000c\000\355\000\040\000p\000r\000o\000s\000t\001\131\000e\000d\000\355\000\040\040\023\000\040\000o\000p\000e\000r\000a\001\015\000n\000\355\000\040\000s\000y\000s\000t\000\351\000m\000\040\000L\000i\000n\000u\000x}{subsection.4.1}% 25
\BOOKMARK [2][-]{subsection.4.2}{\376\377\000T\000v\000o\000r\000b\000a\000\040\000H\000W\000\040\000a\000r\000c\000h\000i\000t\000e\000k\000t\000u\000r\000y\000\040\000X\000i\000l\000i\000n\000x\000\040\000V\000i\000v\000a\000d\000o}{section.4}% 26
\BOOKMARK [2][-]{subsection.4.3}{\376\377\000T\000v\000o\000r\000b\000a\000\040\000P\000e\000t\000a\000l\000i\000n\000u\000x}{section.4}% 27
\BOOKMARK [2][-]{subsection.4.4}{\376\377\000T\000v\000o\000r\000b\000a\000\040\000S\000W\000\040\000p\000r\000o\000\040\000C\000P\000U\000\040\000a\000\040\000F\000P\000G\000A}{section.4}% 28
\BOOKMARK [1][-]{section.5}{\376\377\000P\001\131\000e\000d\000s\000t\000a\000v\000e\000n\000\355\000\040\000p\000r\000a\000c\000o\000v\000i\001\141\000t\001\033}{}% 29
\BOOKMARK [1][-]{section.6}{\376\377\000D\000o\000s\000a\001\176\000e\000n\000\351\000\040\000v\000\375\000s\000l\000e\000d\000k\000y}{}% 30
\BOOKMARK [1][-]{section.6}{\376\377\000Z\000\341\000v\001\033\000r}{}% 31
\BOOKMARK [1][-]{section.6}{\376\377\000L\000i\000t\000e\000r\000a\000t\000u\000r\000a}{}% 32
\BOOKMARK [1][-]{appendix.1.A}{\376\377\000P\001\131\000\355\000l\000o\000h\000a\000\040\000S\000e\000z\000n\000a\000m\000\040\000s\000y\000m\000b\000o\000l\001\157\000\040\000a\000\040\000z\000k\000r\000a\000t\000e\000k}{}% 33
\BOOKMARK [2][-]{subsection.1.A.1}{\376\377\000S\000e\000z\000n\000a\000m\000\040\000s\000y\000m\000b\000o\000l\001\157}{appendix.1.A}% 34
\BOOKMARK [2][-]{subsection.1.A.2}{\376\377\000S\000e\000z\000n\000a\000m\000\040\000z\000k\000r\000a\000t\000e\000k}{appendix.1.A}% 35
