
*** Running vitis_hls
    with args -f krnl_calculateCurVelModel.tcl -messageDb vitis_hls.pb


****** Vitis HLS - High-Level Synthesis from C, C++ and OpenCL v2022.2 (64-bit)
  **** SW Build 3670227 on Oct 13 2022
  **** IP Build 3669848 on Fri Oct 14 08:30:02 MDT 2022
    ** Copyright 1986-2022 Xilinx, Inc. All Rights Reserved.

source /tools/Xilinx/Vitis_HLS/2022.2/scripts/vitis_hls/hls.tcl -notrace
INFO: [HLS 200-10] Running '/tools/Xilinx/Vitis_HLS/2022.2/bin/unwrapped/lnx64.o/vitis_hls'
INFO: [HLS 200-10] For user 'petr' on host 'linux-20' (Linux_x86_64 version 5.15.0-53-generic) on Mon Mar 27 01:47:28 CEST 2023
INFO: [HLS 200-10] On os Ubuntu 20.04.1 LTS
INFO: [HLS 200-10] In directory '/home/petr/Documents/xilinx-workspace/vitis-workspace/dp/kria-1-2-app_kernels/Emulation-SW/build/krnl_calculateCurVelModel/krnl_calculateCurVelModel'
Sourcing Tcl script 'krnl_calculateCurVelModel.tcl'
INFO: [HLS 200-1510] Running: open_project krnl_calculateCurVelModel 
INFO: [HLS 200-10] Creating and opening project '/home/petr/Documents/xilinx-workspace/vitis-workspace/dp/kria-1-2-app_kernels/Emulation-SW/build/krnl_calculateCurVelModel/krnl_calculateCurVelModel/krnl_calculateCurVelModel'.
INFO: [HLS 200-1510] Running: set_top krnl_calculateCurVelModel 
INFO: [HLS 200-1510] Running: add_files /home/petr/Documents/xilinx-workspace/vitis-workspace/dp/kria-1-2-app_kernels/src/krnl_main.cpp -cflags  -g -I /home/petr/Documents/xilinx-workspace/vitis-workspace/dp/kria-1-2-app_kernels/src 
INFO: [HLS 200-10] Adding design file '/home/petr/Documents/xilinx-workspace/vitis-workspace/dp/kria-1-2-app_kernels/src/krnl_main.cpp' to the project
INFO: [HLS 200-1510] Running: open_solution -flow_target vitis solution 
INFO: [HLS 200-10] Creating and opening solution '/home/petr/Documents/xilinx-workspace/vitis-workspace/dp/kria-1-2-app_kernels/Emulation-SW/build/krnl_calculateCurVelModel/krnl_calculateCurVelModel/krnl_calculateCurVelModel/solution'.
INFO: [HLS 200-1505] Using flow_target 'vitis'
Resolution: For help on HLS 200-1505 see www.xilinx.com/cgi-bin/docs/rdoc?v=2022.2;t=hls+guidance;d=200-1505.html
INFO: [HLS 200-435] Setting 'open_solution -flow_target vitis' configuration: config_interface -m_axi_latency=64
INFO: [HLS 200-435] Setting 'open_solution -flow_target vitis' configuration: config_interface -m_axi_alignment_byte_size=64
INFO: [HLS 200-435] Setting 'open_solution -flow_target vitis' configuration: config_interface -m_axi_max_widen_bitwidth=512
INFO: [HLS 200-435] Setting 'open_solution -flow_target vitis' configuration: config_rtl -register_reset_num=3
INFO: [HLS 200-1510] Running: set_part xck26-sfvc784-2LV-c 
INFO: [HLS 200-1611] Setting target device to 'xck26-sfvc784-2LV-c'
INFO: [HLS 200-1510] Running: create_clock -period 199.998000MHz -name default 
INFO: [SYN 201-201] Setting up clock 'default' with a period of 5ns.
INFO: [HLS 200-1510] Running: config_rtl -kernel_profile 
INFO: [HLS 200-1510] Running: config_dataflow -strict_mode warning 
INFO: [HLS 200-1510] Running: config_debug -enable 
INFO: [HLS 200-1510] Running: config_export -deadlock_detection none 
WARNING: [HLS 200-483] The 'config_export -deadlock_detection' command is deprecated and will be removed in a future release. Use 'config_rtl -deadlock_detection' as its replacement.
INFO: [HLS 200-1907] Replacing 'config_export -deadlock_detection=none' with 'config_rtl -deadlock_detection=none' in current solution file
INFO: [HLS 200-1510] Running: config_interface -m_axi_conservative_mode=1 
INFO: [HLS 200-1510] Running: config_interface -m_axi_addr64 
INFO: [HLS 200-1510] Running: config_interface -m_axi_auto_max_ports=1 
INFO: [HLS 200-1510] Running: config_export -format xo -ipname krnl_calculateCurVelModel 
INFO: [HLS 200-1907] Replacing 'config_export -deadlock_detection=none' with 'config_rtl -deadlock_detection=none' in current solution file
INFO: [HLS 200-1510] Running: csynth_design -synthesis_check 
INFO: [HLS 200-111] Finished File checks and directory preparation: CPU user time: 0.01 seconds. CPU system time: 0 seconds. Elapsed time: 0.02 seconds; current allocated memory: 753.934 MB.
INFO: [HLS 200-10] Analyzing design file '/home/petr/Documents/xilinx-workspace/vitis-workspace/dp/kria-1-2-app_kernels/src/krnl_main.cpp' ... 
WARNING: [HLS 207-5571] '#pragma HLS loop_tripcount' can only be applied inside loop body (/home/petr/Documents/xilinx-workspace/vitis-workspace/dp/kria-1-2-app_kernels/src/krnl_main.cpp:98:9)
WARNING: [HLS 207-5562] performance pragma is ignored, because it is not in a loop  (/home/petr/Documents/xilinx-workspace/vitis-workspace/dp/kria-1-2-app_kernels/src/krnl_main.cpp:97:9)
WARNING: [HLS 207-5562] performance pragma is ignored, because it is not in a loop  (/home/petr/Documents/xilinx-workspace/vitis-workspace/dp/kria-1-2-app_kernels/src/krnl_main.cpp:296:9)
WARNING: [HLS 207-5292] unused parameter 'i1beta' (/home/petr/Documents/xilinx-workspace/vitis-workspace/dp/kria-1-2-app_kernels/src/krnl_main.cpp:56:74)
WARNING: [HLS 207-5292] unused parameter 'i1alpha' (/home/petr/Documents/xilinx-workspace/vitis-workspace/dp/kria-1-2-app_kernels/src/krnl_main.cpp:66:58)
WARNING: [HLS 207-5292] unused parameter 'globalSimulationTime' (/home/petr/Documents/xilinx-workspace/vitis-workspace/dp/kria-1-2-app_kernels/src/krnl_main.cpp:71:217)
INFO: [HLS 200-111] Finished Source Code Analysis and Preprocessing: CPU user time: 45.89 seconds. CPU system time: 4.04 seconds. Elapsed time: 52.29 seconds; current allocated memory: 758.980 MB.
INFO: [HLS 200-777] Using interface defaults for 'Vitis' flow target.
INFO: [HLS 214-178] Inlining function 'sliceInternalVariables8Parts' into 'computeCurVel' (/home/petr/Documents/xilinx-workspace/vitis-workspace/dp/kria-1-2-app_kernels/src/krnl_main.cpp:72:0)
INFO: [HLS 214-178] Inlining function 'psi2alphaFce' into 'computeCurVel' (/home/petr/Documents/xilinx-workspace/vitis-workspace/dp/kria-1-2-app_kernels/src/krnl_main.cpp:72:0)
INFO: [HLS 214-178] Inlining function 'psi2betaFce' into 'computeCurVel' (/home/petr/Documents/xilinx-workspace/vitis-workspace/dp/kria-1-2-app_kernels/src/krnl_main.cpp:72:0)
INFO: [HLS 214-178] Inlining function 'sliceInternalVariables4Parts' into 'computeCurVel' (/home/petr/Documents/xilinx-workspace/vitis-workspace/dp/kria-1-2-app_kernels/src/krnl_main.cpp:72:0)
INFO: [HLS 214-178] Inlining function 'fp_struct<float>::fp_struct(float)' into 'int generic_isnan<float>(float)' (/wrk/ci/prod/2022.2/hls_product/continuous/608/2022.2/src/shared/hls/clib/hlsmath/include/FloatingPoint/hls_isnan.h:16:0)
INFO: [HLS 214-178] Inlining function 'fp_struct<float>::data() const' into 'fp_struct<float>::to_float() const' (/wrk/ci/prod/2022.2/hls_product/continuous/608/2022.2/src/shared/hls/clib/src/hls/utils/x_hls_utils.h:351:0)
INFO: [HLS 214-178] Inlining function 'fp_struct<float>::to_float() const' into 'fp_struct<float>::to_ieee() const' (/wrk/ci/prod/2022.2/hls_product/continuous/608/2022.2/src/shared/hls/clib/src/hls/utils/x_hls_utils.h:375:0)
INFO: [HLS 214-178] Inlining function 'fp_struct<float>::to_ieee() const' into 'float generic_nan<float>(char const*)' (/wrk/ci/prod/2022.2/hls_product/continuous/608/2022.2/src/shared/hls/clib/hlsmath/include/FloatingPoint/hls_nan.h:10:0)
INFO: [HLS 214-178] Inlining function 'fp_struct<float>::fp_struct(float)' into 'float generic_copysign<float>(float, float)' (/wrk/ci/prod/2022.2/hls_product/continuous/608/2022.2/src/shared/hls/clib/hlsmath/include/FloatingPoint/hls_copysign.h:10:0)
INFO: [HLS 214-178] Inlining function 'fp_struct<float>::to_ieee() const' into 'float generic_copysign<float>(float, float)' (/wrk/ci/prod/2022.2/hls_product/continuous/608/2022.2/src/shared/hls/clib/hlsmath/include/FloatingPoint/hls_copysign.h:10:0)
INFO: [HLS 214-178] Inlining function 'fp_struct<float>::fp_struct(float)' into 'int generic_isinf<float>(float)' (/wrk/ci/prod/2022.2/hls_product/continuous/608/2022.2/src/shared/hls/clib/hlsmath/include/FloatingPoint/hls_isinf.h:16:0)
INFO: [HLS 214-178] Inlining function 'float generic_copysign<float>(float, float)' into 'float generic_abs<float>(float)' (/wrk/ci/prod/2022.2/hls_product/continuous/608/2022.2/src/shared/hls/clib/hlsmath/include/FloatingPoint/hls_abs.h:13:0)
INFO: [HLS 214-178] Inlining function 'fp_struct<float>::fp_struct(float)' into 'float cordic_::atan2_generic<float>(float, float)' (/wrk/ci/prod/2022.2/hls_product/continuous/608/2022.2/src/shared/hls/clib/hlsmath/include/FloatingPoint/hls_cordic.h:677:0)
INFO: [HLS 214-178] Inlining function 'fp_struct<float>::mantissa() const' into 'float cordic_::atan2_generic<float>(float, float)' (/wrk/ci/prod/2022.2/hls_product/continuous/608/2022.2/src/shared/hls/clib/hlsmath/include/FloatingPoint/hls_cordic.h:677:0)
INFO: [HLS 214-178] Inlining function 'fp_struct<float>::fp_struct(float)' into 'float cordic_::atan2_cordic_Q1<float>(float, float)' (/wrk/ci/prod/2022.2/hls_product/continuous/608/2022.2/src/shared/hls/clib/hlsmath/include/FloatingPoint/hls_cordic.h:740:0)
INFO: [HLS 214-178] Inlining function 'fp_struct<float>::data() const' into 'float cordic_::atan2_cordic_Q1<float>(float, float)' (/wrk/ci/prod/2022.2/hls_product/continuous/608/2022.2/src/shared/hls/clib/hlsmath/include/FloatingPoint/hls_cordic.h:740:0)
INFO: [HLS 214-178] Inlining function 'fp_struct<float>::fp_struct(unsigned int)' into 'float cordic_::atan2_cordic_Q1<float>(float, float)' (/wrk/ci/prod/2022.2/hls_product/continuous/608/2022.2/src/shared/hls/clib/hlsmath/include/FloatingPoint/hls_cordic.h:740:0)
INFO: [HLS 214-178] Inlining function 'fp_struct<float>::to_ieee() const' into 'float cordic_::atan2_cordic_Q1<float>(float, float)' (/wrk/ci/prod/2022.2/hls_product/continuous/608/2022.2/src/shared/hls/clib/hlsmath/include/FloatingPoint/hls_cordic.h:740:0)
INFO: [HLS 214-178] Inlining function 'fp_struct<float>::fp_struct(float)' into 'float cordic_::atan2_cordic<float>(float, float)' (/wrk/ci/prod/2022.2/hls_product/continuous/608/2022.2/src/shared/hls/clib/hlsmath/include/FloatingPoint/hls_cordic.h:754:0)
INFO: [HLS 214-178] Inlining function 'int generic_isnan<float>(float)' into 'float cordic_::atan2_cordic<float>(float, float)' (/wrk/ci/prod/2022.2/hls_product/continuous/608/2022.2/src/shared/hls/clib/hlsmath/include/FloatingPoint/hls_cordic.h:754:0)
INFO: [HLS 214-178] Inlining function 'float generic_nan<float>(char const*)' into 'float cordic_::atan2_cordic<float>(float, float)' (/wrk/ci/prod/2022.2/hls_product/continuous/608/2022.2/src/shared/hls/clib/hlsmath/include/FloatingPoint/hls_cordic.h:754:0)
INFO: [HLS 214-178] Inlining function 'fp_struct<float>::__signbit() const' into 'float cordic_::atan2_cordic<float>(float, float)' (/wrk/ci/prod/2022.2/hls_product/continuous/608/2022.2/src/shared/hls/clib/hlsmath/include/FloatingPoint/hls_cordic.h:754:0)
INFO: [HLS 214-178] Inlining function 'fp_struct<float>::fp_struct(unsigned int)' into 'float cordic_::atan2_cordic<float>(float, float)' (/wrk/ci/prod/2022.2/hls_product/continuous/608/2022.2/src/shared/hls/clib/hlsmath/include/FloatingPoint/hls_cordic.h:754:0)
INFO: [HLS 214-178] Inlining function 'int generic_isinf<float>(float)' into 'float cordic_::atan2_cordic<float>(float, float)' (/wrk/ci/prod/2022.2/hls_product/continuous/608/2022.2/src/shared/hls/clib/hlsmath/include/FloatingPoint/hls_cordic.h:754:0)
INFO: [HLS 214-178] Inlining function 'float generic_abs<float>(float)' into 'float cordic_::atan2_cordic<float>(float, float)' (/wrk/ci/prod/2022.2/hls_product/continuous/608/2022.2/src/shared/hls/clib/hlsmath/include/FloatingPoint/hls_cordic.h:754:0)
INFO: [HLS 214-178] Inlining function 'atan2f' into 'outputCurVelProductsCalc' (/home/petr/Documents/xilinx-workspace/vitis-workspace/dp/kria-1-2-app_kernels/src/krnl_main.cpp:169:0)
INFO: [HLS 214-178] Inlining function 'fp_struct<float>::fp_struct(float)' into 'void range_redux_payne_hanek_hotbm<29, float, 29, 29>(float, ap_uint<3>&, ap_ufixed<29, 0, (ap_q_mode)5, (ap_o_mode)3, 0>&, ap_ufixed<29, 0, (ap_q_mode)5, (ap_o_mode)3, 0>&, ap_int<fp_struct<float>::EXP_BITS>&)' (/wrk/ci/prod/2022.2/hls_product/continuous/608/2022.2/src/shared/hls/clib/hlsmath/include/FloatingPoint/hls_range_redux.h:466:0)
INFO: [HLS 214-178] Inlining function 'fp_struct<float>::expv() const' into 'void range_redux_payne_hanek_hotbm<29, float, 29, 29>(float, ap_uint<3>&, ap_ufixed<29, 0, (ap_q_mode)5, (ap_o_mode)3, 0>&, ap_ufixed<29, 0, (ap_q_mode)5, (ap_o_mode)3, 0>&, ap_int<fp_struct<float>::EXP_BITS>&)' (/wrk/ci/prod/2022.2/hls_product/continuous/608/2022.2/src/shared/hls/clib/hlsmath/include/FloatingPoint/hls_range_redux.h:466:0)
INFO: [HLS 214-178] Inlining function 'ap_uint<(((2) * ((23) + (1))) + (29)) + (3)> table_lookup_4oPi_hotbm<23, 29>(int, float)' into 'void range_redux_payne_hanek_hotbm<29, float, 29, 29>(float, ap_uint<3>&, ap_ufixed<29, 0, (ap_q_mode)5, (ap_o_mode)3, 0>&, ap_ufixed<29, 0, (ap_q_mode)5, (ap_o_mode)3, 0>&, ap_int<fp_struct<float>::EXP_BITS>&)' (/wrk/ci/prod/2022.2/hls_product/continuous/608/2022.2/src/shared/hls/clib/hlsmath/include/FloatingPoint/hls_range_redux.h:466:0)
INFO: [HLS 214-178] Inlining function 'unsigned int clz<29, 58, 0>(ap_ufixed<58, 0, (ap_q_mode)5, (ap_o_mode)3, 0>)' into 'void range_redux_payne_hanek_hotbm<29, float, 29, 29>(float, ap_uint<3>&, ap_ufixed<29, 0, (ap_q_mode)5, (ap_o_mode)3, 0>&, ap_ufixed<29, 0, (ap_q_mode)5, (ap_o_mode)3, 0>&, ap_int<fp_struct<float>::EXP_BITS>&)' (/wrk/ci/prod/2022.2/hls_product/continuous/608/2022.2/src/shared/hls/clib/hlsmath/include/FloatingPoint/hls_range_redux.h:466:0)
INFO: [HLS 214-178] Inlining function 'clz(int)' into 'void scaled_fixed2ieee<29, 1>(ap_ufixed<29, 1, (ap_q_mode)5, (ap_o_mode)3, 0>, float&, int)' (/wrk/ci/prod/2022.2/hls_product/continuous/608/2022.2/src/shared/hls/clib/src/hls/utils/x_hls_float_utils.h:286:0)
INFO: [HLS 214-178] Inlining function 'fp_struct<float>::set_mantissa(ap_ufixed<24, 1, (ap_q_mode)5, (ap_o_mode)3, 0>)' into 'void scaled_fixed2ieee<29, 1>(ap_ufixed<29, 1, (ap_q_mode)5, (ap_o_mode)3, 0>, float&, int)' (/wrk/ci/prod/2022.2/hls_product/continuous/608/2022.2/src/shared/hls/clib/src/hls/utils/x_hls_float_utils.h:286:0)
INFO: [HLS 214-178] Inlining function 'fp_struct<float>::to_ieee() const' into 'void scaled_fixed2ieee<29, 1>(ap_ufixed<29, 1, (ap_q_mode)5, (ap_o_mode)3, 0>, float&, int)' (/wrk/ci/prod/2022.2/hls_product/continuous/608/2022.2/src/shared/hls/clib/src/hls/utils/x_hls_float_utils.h:286:0)
INFO: [HLS 214-178] Inlining function 'fp_struct<float>::fp_struct(float)' into 'float hotbm_::sin_or_cos<float>(float, bool, bool)' (/wrk/ci/prod/2022.2/hls_product/continuous/608/2022.2/src/shared/hls/clib/hlsmath/include/FloatingPoint/hls_hotbm.h:239:0)
INFO: [HLS 214-178] Inlining function 'void range_redux_payne_hanek_hotbm<29, float, 29, 29>(float, ap_uint<3>&, ap_ufixed<29, 0, (ap_q_mode)5, (ap_o_mode)3, 0>&, ap_ufixed<29, 0, (ap_q_mode)5, (ap_o_mode)3, 0>&, ap_int<fp_struct<float>::EXP_BITS>&)' into 'float hotbm_::sin_or_cos<float>(float, bool, bool)' (/wrk/ci/prod/2022.2/hls_product/continuous/608/2022.2/src/shared/hls/clib/hlsmath/include/FloatingPoint/hls_hotbm.h:239:0)
INFO: [HLS 214-178] Inlining function 'ap_ufixed<29, 1, (ap_q_mode)5, (ap_o_mode)3, 0> hotbm_::value_list<float>::sin_or_cos_approximation<29, 29>(bool, ap_uint<3>&, ap_ufixed<29, 0, (ap_q_mode)5, (ap_o_mode)3, 0>&, ap_ufixed<29, 0, (ap_q_mode)5, (ap_o_mode)3, 0>&, ap_int<8>&)' into 'float hotbm_::sin_or_cos<float>(float, bool, bool)' (/wrk/ci/prod/2022.2/hls_product/continuous/608/2022.2/src/shared/hls/clib/hlsmath/include/FloatingPoint/hls_hotbm.h:239:0)
INFO: [HLS 214-178] Inlining function 'void scaled_fixed2ieee<29, 1>(ap_ufixed<29, 1, (ap_q_mode)5, (ap_o_mode)3, 0>, float&, int)' into 'float hotbm_::sin_or_cos<float>(float, bool, bool)' (/wrk/ci/prod/2022.2/hls_product/continuous/608/2022.2/src/shared/hls/clib/hlsmath/include/FloatingPoint/hls_hotbm.h:239:0)
INFO: [HLS 214-178] Inlining function 'fp_struct<float>::to_ieee() const' into 'float hotbm_::sin_or_cos<float>(float, bool, bool)' (/wrk/ci/prod/2022.2/hls_product/continuous/608/2022.2/src/shared/hls/clib/hlsmath/include/FloatingPoint/hls_hotbm.h:239:0)
INFO: [HLS 214-178] Inlining function 'hotbm_::cos(float)' into 'cosf' (/wrk/ci/prod/2022.2/hls_product/continuous/608/2022.2/src/shared/hls/clib/hlsmath/src/c/sincosfloat.cpp:11:0)
INFO: [HLS 214-178] Inlining function 'hotbm_::sin(float)' into 'sinf' (/wrk/ci/prod/2022.2/hls_product/continuous/608/2022.2/src/shared/hls/clib/hlsmath/src/c/sincosfloat.cpp:7:0)
INFO: [HLS 214-178] Inlining function 'regSaturationBlock' into 'regCalculate' (/home/petr/Documents/xilinx-workspace/vitis-workspace/dp/kria-1-2-app_kernels/src/krnl_main.cpp:232:0)
INFO: [HLS 214-178] Inlining function 'checkSaturationStatus' into 'regCalculate' (/home/petr/Documents/xilinx-workspace/vitis-workspace/dp/kria-1-2-app_kernels/src/krnl_main.cpp:232:0)
INFO: [HLS 214-178] Inlining function 'checkSignStatus' into 'regCalculate' (/home/petr/Documents/xilinx-workspace/vitis-workspace/dp/kria-1-2-app_kernels/src/krnl_main.cpp:232:0)
INFO: [HLS 214-178] Inlining function 'enableClamping' into 'regCalculate' (/home/petr/Documents/xilinx-workspace/vitis-workspace/dp/kria-1-2-app_kernels/src/krnl_main.cpp:232:0)
INFO: [HLS 214-178] Inlining function 'fp_struct<double>::data() const' into 'fp_struct<double>::to_double() const' (/wrk/ci/prod/2022.2/hls_product/continuous/608/2022.2/src/shared/hls/clib/src/hls/utils/x_hls_utils.h:523:0)
INFO: [HLS 214-178] Inlining function 'fp_struct<double>::to_double() const' into 'fp_struct<double>::to_ieee() const' (/wrk/ci/prod/2022.2/hls_product/continuous/608/2022.2/src/shared/hls/clib/src/hls/utils/x_hls_utils.h:538:0)
INFO: [HLS 214-178] Inlining function 'fp_struct<double>::fp_struct(double)' into 'double fmdrmd::generic_fmod<double>(double, double)' (/wrk/ci/prod/2022.2/hls_product/continuous/608/2022.2/src/shared/hls/clib/hlsmath/include/FloatingPoint/hls_fmod_rem_quo.h:255:0)
INFO: [HLS 214-178] Inlining function 'fp_struct<double>::to_ieee() const' into 'double fmdrmd::generic_fmod<double>(double, double)' (/wrk/ci/prod/2022.2/hls_product/continuous/608/2022.2/src/shared/hls/clib/hlsmath/include/FloatingPoint/hls_fmod_rem_quo.h:255:0)
INFO: [HLS 214-178] Inlining function 'fp_struct<double>::fp_struct(double)' into 'double generic_copysign<double>(double, double)' (/wrk/ci/prod/2022.2/hls_product/continuous/608/2022.2/src/shared/hls/clib/hlsmath/include/FloatingPoint/hls_copysign.h:10:0)
INFO: [HLS 214-178] Inlining function 'fp_struct<double>::to_ieee() const' into 'double generic_copysign<double>(double, double)' (/wrk/ci/prod/2022.2/hls_product/continuous/608/2022.2/src/shared/hls/clib/hlsmath/include/FloatingPoint/hls_copysign.h:10:0)
INFO: [HLS 214-178] Inlining function 'double generic_copysign<double>(double, double)' into 'double generic_fabs<double>(double)' (/wrk/ci/prod/2022.2/hls_product/continuous/608/2022.2/src/shared/hls/clib/hlsmath/include/FloatingPoint/hls_fabs.h:12:0)
INFO: [HLS 214-178] Inlining function 'double generic_fabs<double>(double)' into 'fabs' (/wrk/ci/prod/2022.2/hls_product/continuous/608/2022.2/src/shared/hls/clib/hlsmath/src/c/fabsdouble.cpp:7:0)
INFO: [HLS 214-178] Inlining function 'fabs' into 'std::abs(double)' (/tools/Xilinx/Vitis_HLS/2022.2/tps/lnx64/gcc-8.3.0/lib/gcc/x86_64-pc-linux-gnu/8.3.0/../../../../include/c++/8.3.0/bits/std_abs.h:71:0)
INFO: [HLS 214-178] Inlining function 'fmod' into 'generateActualValueTriangleWave' (/home/petr/Documents/xilinx-workspace/vitis-workspace/dp/kria-1-2-app_kernels/src/krnl_main.cpp:254:0)
INFO: [HLS 214-178] Inlining function 'std::abs(double)' into 'generateActualValueTriangleWave' (/home/petr/Documents/xilinx-workspace/vitis-workspace/dp/kria-1-2-app_kernels/src/krnl_main.cpp:254:0)
INFO: [HLS 214-178] Inlining function 'fp_struct<double>::fp_struct(double)' into 'int generic_isnan<double>(double)' (/wrk/ci/prod/2022.2/hls_product/continuous/608/2022.2/src/shared/hls/clib/hlsmath/include/FloatingPoint/hls_isnan.h:16:0)
INFO: [HLS 214-178] Inlining function 'fp_struct<double>::data() const' into 'fp_struct<double>::to_int() const' (/wrk/ci/prod/2022.2/hls_product/continuous/608/2022.2/src/shared/hls/clib/src/hls/utils/x_hls_utils.h:511:0)
INFO: [HLS 214-178] Inlining function 'fp_struct<double>::fp_struct(double)' into 'double generic_fmax<double>(double, double)' (/wrk/ci/prod/2022.2/hls_product/continuous/608/2022.2/src/shared/hls/clib/hlsmath/include/FloatingPoint/hls_fmax.h:20:0)
INFO: [HLS 214-178] Inlining function 'int generic_isnan<double>(double)' into 'double generic_fmax<double>(double, double)' (/wrk/ci/prod/2022.2/hls_product/continuous/608/2022.2/src/shared/hls/clib/hlsmath/include/FloatingPoint/hls_fmax.h:20:0)
INFO: [HLS 214-178] Inlining function 'fp_struct<double>::to_ieee() const' into 'double generic_fmax<double>(double, double)' (/wrk/ci/prod/2022.2/hls_product/continuous/608/2022.2/src/shared/hls/clib/hlsmath/include/FloatingPoint/hls_fmax.h:20:0)
INFO: [HLS 214-178] Inlining function 'fp_struct<double>::to_int() const' into 'double generic_fmax<double>(double, double)' (/wrk/ci/prod/2022.2/hls_product/continuous/608/2022.2/src/shared/hls/clib/hlsmath/include/FloatingPoint/hls_fmax.h:20:0)
INFO: [HLS 214-178] Inlining function 'fp_struct<double>::fp_struct(double)' into 'double generic_fmin<double>(double, double)' (/wrk/ci/prod/2022.2/hls_product/continuous/608/2022.2/src/shared/hls/clib/hlsmath/include/FloatingPoint/hls_fmin.h:20:0)
INFO: [HLS 214-178] Inlining function 'int generic_isnan<double>(double)' into 'double generic_fmin<double>(double, double)' (/wrk/ci/prod/2022.2/hls_product/continuous/608/2022.2/src/shared/hls/clib/hlsmath/include/FloatingPoint/hls_fmin.h:20:0)
INFO: [HLS 214-178] Inlining function 'fp_struct<double>::to_ieee() const' into 'double generic_fmin<double>(double, double)' (/wrk/ci/prod/2022.2/hls_product/continuous/608/2022.2/src/shared/hls/clib/hlsmath/include/FloatingPoint/hls_fmin.h:20:0)
INFO: [HLS 214-178] Inlining function 'fp_struct<double>::to_int() const' into 'double generic_fmin<double>(double, double)' (/wrk/ci/prod/2022.2/hls_product/continuous/608/2022.2/src/shared/hls/clib/hlsmath/include/FloatingPoint/hls_fmin.h:20:0)
INFO: [HLS 214-178] Inlining function 'fmax' into 'minMaxCommonModeVoltage' (/home/petr/Documents/xilinx-workspace/vitis-workspace/dp/kria-1-2-app_kernels/src/krnl_main.cpp:271:0)
INFO: [HLS 214-178] Inlining function 'fmin' into 'minMaxCommonModeVoltage' (/home/petr/Documents/xilinx-workspace/vitis-workspace/dp/kria-1-2-app_kernels/src/krnl_main.cpp:271:0)
INFO: [HLS 214-178] Inlining function 'sliceInternalVariables8Parts' into 'krnl_calculateCurVelModel' (/home/petr/Documents/xilinx-workspace/vitis-workspace/dp/kria-1-2-app_kernels/src/krnl_main.cpp:293:0)
INFO: [HLS 214-178] Inlining function 'outputCurVelProductsCalc' into 'krnl_calculateCurVelModel' (/home/petr/Documents/xilinx-workspace/vitis-workspace/dp/kria-1-2-app_kernels/src/krnl_main.cpp:293:0)
INFO: [HLS 214-178] Inlining function 'cosf' into 'krnl_calculateCurVelModel' (/home/petr/Documents/xilinx-workspace/vitis-workspace/dp/kria-1-2-app_kernels/src/krnl_main.cpp:293:0)
INFO: [HLS 214-178] Inlining function 'sinf' into 'krnl_calculateCurVelModel' (/home/petr/Documents/xilinx-workspace/vitis-workspace/dp/kria-1-2-app_kernels/src/krnl_main.cpp:293:0)
INFO: [HLS 214-178] Inlining function 'generateActualValueTriangleWave' into 'krnl_calculateCurVelModel' (/home/petr/Documents/xilinx-workspace/vitis-workspace/dp/kria-1-2-app_kernels/src/krnl_main.cpp:293:0)
INFO: [HLS 214-178] Inlining function 'minMaxCommonModeVoltage' into 'krnl_calculateCurVelModel' (/home/petr/Documents/xilinx-workspace/vitis-workspace/dp/kria-1-2-app_kernels/src/krnl_main.cpp:293:0)
INFO: [HLS 214-178] Inlining function 'sliceInternalVariables3Parts' into 'krnl_calculateCurVelModel' (/home/petr/Documents/xilinx-workspace/vitis-workspace/dp/kria-1-2-app_kernels/src/krnl_main.cpp:293:0)
INFO: [HLS 214-178] Inlining function 'createCompareLevel' into 'krnl_calculateCurVelModel' (/home/petr/Documents/xilinx-workspace/vitis-workspace/dp/kria-1-2-app_kernels/src/krnl_main.cpp:293:0)
INFO: [HLS 214-178] Inlining function 'comparationLevelTriangleWaveComparation' into 'krnl_calculateCurVelModel' (/home/petr/Documents/xilinx-workspace/vitis-workspace/dp/kria-1-2-app_kernels/src/krnl_main.cpp:293:0)
INFO: [HLS 200-111] Finished Compiling Optimization and Transform: CPU user time: 12.99 seconds. CPU system time: 1.44 seconds. Elapsed time: 16.23 seconds; current allocated memory: 759.668 MB.
INFO: [HLS 200-111] Finished Checking Pragmas: CPU user time: 0 seconds. CPU system time: 0 seconds. Elapsed time: 0 seconds; current allocated memory: 759.668 MB.
INFO: [HLS 200-1493] Running only source code synthesis checks, skipping scheduling and RTL generation.
INFO: [HLS 200-111] Finished Command csynth_design CPU user time: 58.91 seconds. CPU system time: 5.53 seconds. Elapsed time: 68.62 seconds; current allocated memory: 5.734 MB.
INFO: [HLS 200-1510] Running: close_project 
HLS completed successfully
INFO: [HLS 200-112] Total CPU user time: 66.84 seconds. Total CPU system time: 7.65 seconds. Total elapsed time: 84.12 seconds; peak allocated memory: 759.695 MB.
INFO: [Common 17-206] Exiting vitis_hls at Mon Mar 27 01:48:48 2023...
