Wed Mar 22 21:26:27 2023: Running xcd server. This server was built by gradle.
Wed Mar 22 21:26:27 2023: Server was asked to start on port: '43161'
Wed Mar 22 21:26:27 2023: Server is using token UUID: '086badf2-12cf-4cb7-8b2a-e4595512f1af'
Wed Mar 22 21:26:27 2023: SESSION_MGR: creating session with session uuid: '6d04a3e9-ade5-4ab9-8d63-1f78fcd2ec76' and name 'default'
Wed Mar 22 21:26:27 2023: Attempting to start server on port '43161'
Wed Mar 22 21:26:27 2023: XCD main fifo: created main fifo '/tmp/xcdmain086badf2-12cf-4cb7-8b2a-e4595512f1af', fd read = 13
Wed Mar 22 21:26:27 2023: Running Dispatch Server
Wed Mar 22 21:26:27 2023: Version 2.2.0
Wed Mar 22 21:26:34 2023: Dispatch Server: Accepted socket connection from client
Wed Mar 22 21:26:34 2023: Starting Socket connection
Wed Mar 22 21:26:34 2023: EXCHANGE_TOKEN received, server token: 086badf2-12cf-4cb7-8b2a-e4595512f1af, passed token: 086badf2-12cf-4cb7-8b2a-e4595512f1af
Wed Mar 22 21:26:35 2023: DISPATCH_HANDLER: Adding handler from function makeHandler in library libxv_system_diagram
Wed Mar 22 21:26:35 2023: SESSION_MGR: creating session with session uuid: '3c8f9f9b-3e27-4123-a57b-ee776a47d40c' and name 'vadd'
Wed Mar 22 21:26:35 2023: KERNEL_SVC: creating session with uuid: '3c8f9f9b-3e27-4123-a57b-ee776a47d40c' and name 'vadd'
Wed Mar 22 21:26:35 2023: GUIDANCE_SMGR: creating guidance session with uuid: '3c8f9f9b-3e27-4123-a57b-ee776a47d40c' and name 'vadd'
Wed Mar 22 21:26:35 2023: SYSTEM_DIAGRAM: creating session with uuid: '3c8f9f9b-3e27-4123-a57b-ee776a47d40c' and name 'vadd'
Wed Mar 22 21:27:16 2023: Dispatch Server: Accepted socket connection from client
Wed Mar 22 21:27:16 2023: Starting Socket connection
Wed Mar 22 21:27:35 2023: SESSION_MGR: closing session for UUID '3c8f9f9b-3e27-4123-a57b-ee776a47d40c' with name 'vadd'
Wed Mar 22 21:27:35 2023: KERNEL_SVC: closing session for UUID '3c8f9f9b-3e27-4123-a57b-ee776a47d40c' with name 'vadd'
Wed Mar 22 21:27:35 2023: GUIDANCE_SMGR: closing session for UUID '3c8f9f9b-3e27-4123-a57b-ee776a47d40c' with name 'vadd'
Wed Mar 22 21:27:35 2023: SYSTEM_DIAGRAM: closing session for UUID '3c8f9f9b-3e27-4123-a57b-ee776a47d40c' with name 'vadd'
Wed Mar 22 21:27:35 2023: STOP_SERVER received, server token: 086badf2-12cf-4cb7-8b2a-e4595512f1af, passed token: 086badf2-12cf-4cb7-8b2a-e4595512f1af
Wed Mar 22 21:27:35 2023: Socket received request to stop server.
Wed Mar 22 21:27:35 2023: Dispatch Server: do_await_stop
Wed Mar 22 21:27:35 2023: Dispatch Server: stopping mainFifo_
Wed Mar 22 21:27:35 2023: XCD main fifo: Stopping
Wed Mar 22 21:27:35 2023: XCD main fifo: do_read error code: Operation canceled
Wed Mar 22 21:27:35 2023: XCD main fifo: bytes_transferred: 0
Wed Mar 22 21:27:35 2023: SERVER: destructor for server bound to port 43161
Wed Mar 22 21:27:35 2023: XCD main fifo: Good unlink of /tmp/xcdmain086badf2-12cf-4cb7-8b2a-e4595512f1af
Wed Mar 22 21:27:35 2023: Server exiting with status 0.
Wed Mar 22 21:27:35 2023: Closing log file.
