Mon Mar 27 01:47:08 2023: Running xcd server. This server was built by gradle.
Mon Mar 27 01:47:08 2023: Server was asked to start on port: '40335'
Mon Mar 27 01:47:08 2023: Server is using token UUID: 'f5a9c82d-b693-4e4b-916e-92a73168b674'
Mon Mar 27 01:47:08 2023: SESSION_MGR: creating session with session uuid: '6d04a3e9-ade5-4ab9-8d63-1f78fcd2ec76' and name 'default'
Mon Mar 27 01:47:08 2023: Attempting to start server on port '40335'
Mon Mar 27 01:47:08 2023: XCD main fifo: created main fifo '/tmp/xcdmainf5a9c82d-b693-4e4b-916e-92a73168b674', fd read = 13
Mon Mar 27 01:47:08 2023: Running Dispatch Server
Mon Mar 27 01:47:08 2023: Version 2.2.0
Mon Mar 27 01:47:16 2023: Dispatch Server: Accepted socket connection from client
Mon Mar 27 01:47:16 2023: Starting Socket connection
Mon Mar 27 01:47:16 2023: EXCHANGE_TOKEN received, server token: f5a9c82d-b693-4e4b-916e-92a73168b674, passed token: f5a9c82d-b693-4e4b-916e-92a73168b674
Mon Mar 27 01:47:16 2023: DISPATCH_HANDLER: Adding handler from function makeHandler in library libxv_system_diagram
Mon Mar 27 01:47:16 2023: SESSION_MGR: creating session with session uuid: '29c910ea-9667-492b-bfd0-f0ab70e2194d' and name 'krnl_calculateCurVelModel'
Mon Mar 27 01:47:16 2023: KERNEL_SVC: creating session with uuid: '29c910ea-9667-492b-bfd0-f0ab70e2194d' and name 'krnl_calculateCurVelModel'
Mon Mar 27 01:47:16 2023: GUIDANCE_SMGR: creating guidance session with uuid: '29c910ea-9667-492b-bfd0-f0ab70e2194d' and name 'krnl_calculateCurVelModel'
Mon Mar 27 01:47:16 2023: SYSTEM_DIAGRAM: creating session with uuid: '29c910ea-9667-492b-bfd0-f0ab70e2194d' and name 'krnl_calculateCurVelModel'
Mon Mar 27 01:47:40 2023: Dispatch Server: Accepted socket connection from client
Mon Mar 27 01:47:40 2023: Starting Socket connection
Mon Mar 27 01:48:49 2023: SESSION_MGR: closing session for UUID '29c910ea-9667-492b-bfd0-f0ab70e2194d' with name 'krnl_calculateCurVelModel'
Mon Mar 27 01:48:49 2023: KERNEL_SVC: closing session for UUID '29c910ea-9667-492b-bfd0-f0ab70e2194d' with name 'krnl_calculateCurVelModel'
Mon Mar 27 01:48:49 2023: GUIDANCE_SMGR: closing session for UUID '29c910ea-9667-492b-bfd0-f0ab70e2194d' with name 'krnl_calculateCurVelModel'
Mon Mar 27 01:48:49 2023: SYSTEM_DIAGRAM: closing session for UUID '29c910ea-9667-492b-bfd0-f0ab70e2194d' with name 'krnl_calculateCurVelModel'
Mon Mar 27 01:48:49 2023: STOP_SERVER received, server token: f5a9c82d-b693-4e4b-916e-92a73168b674, passed token: f5a9c82d-b693-4e4b-916e-92a73168b674
Mon Mar 27 01:48:49 2023: Socket received request to stop server.
Mon Mar 27 01:48:49 2023: Dispatch Server: do_await_stop
Mon Mar 27 01:48:49 2023: Dispatch Server: stopping mainFifo_
Mon Mar 27 01:48:49 2023: XCD main fifo: Stopping
Mon Mar 27 01:48:49 2023: XCD main fifo: do_read error code: Operation canceled
Mon Mar 27 01:48:49 2023: XCD main fifo: bytes_transferred: 0
Mon Mar 27 01:48:49 2023: SERVER: destructor for server bound to port 40335
Mon Mar 27 01:48:49 2023: XCD main fifo: Good unlink of /tmp/xcdmainf5a9c82d-b693-4e4b-916e-92a73168b674
Mon Mar 27 01:48:49 2023: Server exiting with status 0.
Mon Mar 27 01:48:49 2023: Closing log file.
