remark: /home/petr/Documents/xilinx-workspace/vitis-workspace/dp/kria-1-2-app_kernels/src/krnl_main.cpp:72:0: Inlining function 'sliceInternalVariables8Parts' into 'computeCurVel'
remark: /home/petr/Documents/xilinx-workspace/vitis-workspace/dp/kria-1-2-app_kernels/src/krnl_main.cpp:72:0: Inlining function 'psi2alphaFce' into 'computeCurVel'
remark: /home/petr/Documents/xilinx-workspace/vitis-workspace/dp/kria-1-2-app_kernels/src/krnl_main.cpp:72:0: Inlining function 'psi2betaFce' into 'computeCurVel'
remark: /home/petr/Documents/xilinx-workspace/vitis-workspace/dp/kria-1-2-app_kernels/src/krnl_main.cpp:72:0: Inlining function 'sliceInternalVariables4Parts' into 'computeCurVel'
remark: /wrk/ci/prod/2022.2/hls_product/continuous/608/2022.2/src/shared/hls/clib/hlsmath/include/FloatingPoint/hls_isnan.h:16:0: Inlining function 'fp_struct<float>::fp_struct(float)' into 'int generic_isnan<float>(float)'
remark: /wrk/ci/prod/2022.2/hls_product/continuous/608/2022.2/src/shared/hls/clib/src/hls/utils/x_hls_utils.h:351:0: Inlining function 'fp_struct<float>::data() const' into 'fp_struct<float>::to_float() const'
remark: /wrk/ci/prod/2022.2/hls_product/continuous/608/2022.2/src/shared/hls/clib/src/hls/utils/x_hls_utils.h:375:0: Inlining function 'fp_struct<float>::to_float() const' into 'fp_struct<float>::to_ieee() const'
remark: /wrk/ci/prod/2022.2/hls_product/continuous/608/2022.2/src/shared/hls/clib/hlsmath/include/FloatingPoint/hls_nan.h:10:0: Inlining function 'fp_struct<float>::to_ieee() const' into 'float generic_nan<float>(char const*)'
remark: /wrk/ci/prod/2022.2/hls_product/continuous/608/2022.2/src/shared/hls/clib/hlsmath/include/FloatingPoint/hls_copysign.h:10:0: Inlining function 'fp_struct<float>::fp_struct(float)' into 'float generic_copysign<float>(float, float)'
remark: /wrk/ci/prod/2022.2/hls_product/continuous/608/2022.2/src/shared/hls/clib/hlsmath/include/FloatingPoint/hls_copysign.h:10:0: Inlining function 'fp_struct<float>::to_ieee() const' into 'float generic_copysign<float>(float, float)'
remark: /wrk/ci/prod/2022.2/hls_product/continuous/608/2022.2/src/shared/hls/clib/hlsmath/include/FloatingPoint/hls_isinf.h:16:0: Inlining function 'fp_struct<float>::fp_struct(float)' into 'int generic_isinf<float>(float)'
remark: /wrk/ci/prod/2022.2/hls_product/continuous/608/2022.2/src/shared/hls/clib/hlsmath/include/FloatingPoint/hls_abs.h:13:0: Inlining function 'float generic_copysign<float>(float, float)' into 'float generic_abs<float>(float)'
remark: /wrk/ci/prod/2022.2/hls_product/continuous/608/2022.2/src/shared/hls/clib/hlsmath/include/FloatingPoint/hls_cordic.h:677:0: Inlining function 'fp_struct<float>::fp_struct(float)' into 'float cordic_::atan2_generic<float>(float, float)'
remark: /wrk/ci/prod/2022.2/hls_product/continuous/608/2022.2/src/shared/hls/clib/hlsmath/include/FloatingPoint/hls_cordic.h:677:0: Inlining function 'fp_struct<float>::mantissa() const' into 'float cordic_::atan2_generic<float>(float, float)'
remark: /wrk/ci/prod/2022.2/hls_product/continuous/608/2022.2/src/shared/hls/clib/hlsmath/include/FloatingPoint/hls_cordic.h:740:0: Inlining function 'fp_struct<float>::fp_struct(float)' into 'float cordic_::atan2_cordic_Q1<float>(float, float)'
remark: /wrk/ci/prod/2022.2/hls_product/continuous/608/2022.2/src/shared/hls/clib/hlsmath/include/FloatingPoint/hls_cordic.h:740:0: Inlining function 'fp_struct<float>::data() const' into 'float cordic_::atan2_cordic_Q1<float>(float, float)'
remark: /wrk/ci/prod/2022.2/hls_product/continuous/608/2022.2/src/shared/hls/clib/hlsmath/include/FloatingPoint/hls_cordic.h:740:0: Inlining function 'fp_struct<float>::fp_struct(unsigned int)' into 'float cordic_::atan2_cordic_Q1<float>(float, float)'
remark: /wrk/ci/prod/2022.2/hls_product/continuous/608/2022.2/src/shared/hls/clib/hlsmath/include/FloatingPoint/hls_cordic.h:740:0: Inlining function 'fp_struct<float>::to_ieee() const' into 'float cordic_::atan2_cordic_Q1<float>(float, float)'
remark: /wrk/ci/prod/2022.2/hls_product/continuous/608/2022.2/src/shared/hls/clib/hlsmath/include/FloatingPoint/hls_cordic.h:754:0: Inlining function 'fp_struct<float>::fp_struct(float)' into 'float cordic_::atan2_cordic<float>(float, float)'
remark: /wrk/ci/prod/2022.2/hls_product/continuous/608/2022.2/src/shared/hls/clib/hlsmath/include/FloatingPoint/hls_cordic.h:754:0: Inlining function 'int generic_isnan<float>(float)' into 'float cordic_::atan2_cordic<float>(float, float)'
remark: /wrk/ci/prod/2022.2/hls_product/continuous/608/2022.2/src/shared/hls/clib/hlsmath/include/FloatingPoint/hls_cordic.h:754:0: Inlining function 'float generic_nan<float>(char const*)' into 'float cordic_::atan2_cordic<float>(float, float)'
remark: /wrk/ci/prod/2022.2/hls_product/continuous/608/2022.2/src/shared/hls/clib/hlsmath/include/FloatingPoint/hls_cordic.h:754:0: Inlining function 'fp_struct<float>::__signbit() const' into 'float cordic_::atan2_cordic<float>(float, float)'
remark: /wrk/ci/prod/2022.2/hls_product/continuous/608/2022.2/src/shared/hls/clib/hlsmath/include/FloatingPoint/hls_cordic.h:754:0: Inlining function 'fp_struct<float>::fp_struct(unsigned int)' into 'float cordic_::atan2_cordic<float>(float, float)'
remark: /wrk/ci/prod/2022.2/hls_product/continuous/608/2022.2/src/shared/hls/clib/hlsmath/include/FloatingPoint/hls_cordic.h:754:0: Inlining function 'int generic_isinf<float>(float)' into 'float cordic_::atan2_cordic<float>(float, float)'
remark: /wrk/ci/prod/2022.2/hls_product/continuous/608/2022.2/src/shared/hls/clib/hlsmath/include/FloatingPoint/hls_cordic.h:754:0: Inlining function 'float generic_abs<float>(float)' into 'float cordic_::atan2_cordic<float>(float, float)'
remark: /home/petr/Documents/xilinx-workspace/vitis-workspace/dp/kria-1-2-app_kernels/src/krnl_main.cpp:169:0: Inlining function 'atan2f' into 'outputCurVelProductsCalc'
remark: /wrk/ci/prod/2022.2/hls_product/continuous/608/2022.2/src/shared/hls/clib/hlsmath/include/FloatingPoint/hls_range_redux.h:466:0: Inlining function 'fp_struct<float>::fp_struct(float)' into 'void range_redux_payne_hanek_hotbm<29, float, 29, 29>(float, ap_uint<3>&, ap_ufixed<29, 0, (ap_q_mode)5, (ap_o_mode)3, 0>&, ap_ufixed<29, 0, (ap_q_mode)5, (ap_o_mode)3, 0>&, ap_int<fp_struct<float>::EXP_BITS>&)'
remark: /wrk/ci/prod/2022.2/hls_product/continuous/608/2022.2/src/shared/hls/clib/hlsmath/include/FloatingPoint/hls_range_redux.h:466:0: Inlining function 'fp_struct<float>::expv() const' into 'void range_redux_payne_hanek_hotbm<29, float, 29, 29>(float, ap_uint<3>&, ap_ufixed<29, 0, (ap_q_mode)5, (ap_o_mode)3, 0>&, ap_ufixed<29, 0, (ap_q_mode)5, (ap_o_mode)3, 0>&, ap_int<fp_struct<float>::EXP_BITS>&)'
remark: /wrk/ci/prod/2022.2/hls_product/continuous/608/2022.2/src/shared/hls/clib/hlsmath/include/FloatingPoint/hls_range_redux.h:466:0: Inlining function 'ap_uint<(((2) * ((23) + (1))) + (29)) + (3)> table_lookup_4oPi_hotbm<23, 29>(int, float)' into 'void range_redux_payne_hanek_hotbm<29, float, 29, 29>(float, ap_uint<3>&, ap_ufixed<29, 0, (ap_q_mode)5, (ap_o_mode)3, 0>&, ap_ufixed<29, 0, (ap_q_mode)5, (ap_o_mode)3, 0>&, ap_int<fp_struct<float>::EXP_BITS>&)'
remark: /wrk/ci/prod/2022.2/hls_product/continuous/608/2022.2/src/shared/hls/clib/hlsmath/include/FloatingPoint/hls_range_redux.h:466:0: Inlining function 'unsigned int clz<29, 58, 0>(ap_ufixed<58, 0, (ap_q_mode)5, (ap_o_mode)3, 0>)' into 'void range_redux_payne_hanek_hotbm<29, float, 29, 29>(float, ap_uint<3>&, ap_ufixed<29, 0, (ap_q_mode)5, (ap_o_mode)3, 0>&, ap_ufixed<29, 0, (ap_q_mode)5, (ap_o_mode)3, 0>&, ap_int<fp_struct<float>::EXP_BITS>&)'
remark: /wrk/ci/prod/2022.2/hls_product/continuous/608/2022.2/src/shared/hls/clib/src/hls/utils/x_hls_float_utils.h:286:0: Inlining function 'clz(int)' into 'void scaled_fixed2ieee<29, 1>(ap_ufixed<29, 1, (ap_q_mode)5, (ap_o_mode)3, 0>, float&, int)'
remark: /wrk/ci/prod/2022.2/hls_product/continuous/608/2022.2/src/shared/hls/clib/src/hls/utils/x_hls_float_utils.h:286:0: Inlining function 'fp_struct<float>::set_mantissa(ap_ufixed<24, 1, (ap_q_mode)5, (ap_o_mode)3, 0>)' into 'void scaled_fixed2ieee<29, 1>(ap_ufixed<29, 1, (ap_q_mode)5, (ap_o_mode)3, 0>, float&, int)'
remark: /wrk/ci/prod/2022.2/hls_product/continuous/608/2022.2/src/shared/hls/clib/src/hls/utils/x_hls_float_utils.h:286:0: Inlining function 'fp_struct<float>::to_ieee() const' into 'void scaled_fixed2ieee<29, 1>(ap_ufixed<29, 1, (ap_q_mode)5, (ap_o_mode)3, 0>, float&, int)'
remark: /wrk/ci/prod/2022.2/hls_product/continuous/608/2022.2/src/shared/hls/clib/hlsmath/include/FloatingPoint/hls_hotbm.h:239:0: Inlining function 'fp_struct<float>::fp_struct(float)' into 'float hotbm_::sin_or_cos<float>(float, bool, bool)'
remark: /wrk/ci/prod/2022.2/hls_product/continuous/608/2022.2/src/shared/hls/clib/hlsmath/include/FloatingPoint/hls_hotbm.h:239:0: Inlining function 'void range_redux_payne_hanek_hotbm<29, float, 29, 29>(float, ap_uint<3>&, ap_ufixed<29, 0, (ap_q_mode)5, (ap_o_mode)3, 0>&, ap_ufixed<29, 0, (ap_q_mode)5, (ap_o_mode)3, 0>&, ap_int<fp_struct<float>::EXP_BITS>&)' into 'float hotbm_::sin_or_cos<float>(float, bool, bool)'
remark: /wrk/ci/prod/2022.2/hls_product/continuous/608/2022.2/src/shared/hls/clib/hlsmath/include/FloatingPoint/hls_hotbm.h:239:0: Inlining function 'ap_ufixed<29, 1, (ap_q_mode)5, (ap_o_mode)3, 0> hotbm_::value_list<float>::sin_or_cos_approximation<29, 29>(bool, ap_uint<3>&, ap_ufixed<29, 0, (ap_q_mode)5, (ap_o_mode)3, 0>&, ap_ufixed<29, 0, (ap_q_mode)5, (ap_o_mode)3, 0>&, ap_int<8>&)' into 'float hotbm_::sin_or_cos<float>(float, bool, bool)'
remark: /wrk/ci/prod/2022.2/hls_product/continuous/608/2022.2/src/shared/hls/clib/hlsmath/include/FloatingPoint/hls_hotbm.h:239:0: Inlining function 'void scaled_fixed2ieee<29, 1>(ap_ufixed<29, 1, (ap_q_mode)5, (ap_o_mode)3, 0>, float&, int)' into 'float hotbm_::sin_or_cos<float>(float, bool, bool)'
remark: /wrk/ci/prod/2022.2/hls_product/continuous/608/2022.2/src/shared/hls/clib/hlsmath/include/FloatingPoint/hls_hotbm.h:239:0: Inlining function 'fp_struct<float>::to_ieee() const' into 'float hotbm_::sin_or_cos<float>(float, bool, bool)'
remark: /wrk/ci/prod/2022.2/hls_product/continuous/608/2022.2/src/shared/hls/clib/hlsmath/src/c/sincosfloat.cpp:11:0: Inlining function 'hotbm_::cos(float)' into 'cosf'
remark: /wrk/ci/prod/2022.2/hls_product/continuous/608/2022.2/src/shared/hls/clib/hlsmath/src/c/sincosfloat.cpp:7:0: Inlining function 'hotbm_::sin(float)' into 'sinf'
remark: /home/petr/Documents/xilinx-workspace/vitis-workspace/dp/kria-1-2-app_kernels/src/krnl_main.cpp:232:0: Inlining function 'regSaturationBlock' into 'regCalculate'
remark: /home/petr/Documents/xilinx-workspace/vitis-workspace/dp/kria-1-2-app_kernels/src/krnl_main.cpp:232:0: Inlining function 'checkSaturationStatus' into 'regCalculate'
remark: /home/petr/Documents/xilinx-workspace/vitis-workspace/dp/kria-1-2-app_kernels/src/krnl_main.cpp:232:0: Inlining function 'checkSignStatus' into 'regCalculate'
remark: /home/petr/Documents/xilinx-workspace/vitis-workspace/dp/kria-1-2-app_kernels/src/krnl_main.cpp:232:0: Inlining function 'enableClamping' into 'regCalculate'
remark: /wrk/ci/prod/2022.2/hls_product/continuous/608/2022.2/src/shared/hls/clib/src/hls/utils/x_hls_utils.h:523:0: Inlining function 'fp_struct<double>::data() const' into 'fp_struct<double>::to_double() const'
remark: /wrk/ci/prod/2022.2/hls_product/continuous/608/2022.2/src/shared/hls/clib/src/hls/utils/x_hls_utils.h:538:0: Inlining function 'fp_struct<double>::to_double() const' into 'fp_struct<double>::to_ieee() const'
remark: /wrk/ci/prod/2022.2/hls_product/continuous/608/2022.2/src/shared/hls/clib/hlsmath/include/FloatingPoint/hls_fmod_rem_quo.h:255:0: Inlining function 'fp_struct<double>::fp_struct(double)' into 'double fmdrmd::generic_fmod<double>(double, double)'
remark: /wrk/ci/prod/2022.2/hls_product/continuous/608/2022.2/src/shared/hls/clib/hlsmath/include/FloatingPoint/hls_fmod_rem_quo.h:255:0: Inlining function 'fp_struct<double>::to_ieee() const' into 'double fmdrmd::generic_fmod<double>(double, double)'
remark: /wrk/ci/prod/2022.2/hls_product/continuous/608/2022.2/src/shared/hls/clib/hlsmath/include/FloatingPoint/hls_copysign.h:10:0: Inlining function 'fp_struct<double>::fp_struct(double)' into 'double generic_copysign<double>(double, double)'
remark: /wrk/ci/prod/2022.2/hls_product/continuous/608/2022.2/src/shared/hls/clib/hlsmath/include/FloatingPoint/hls_copysign.h:10:0: Inlining function 'fp_struct<double>::to_ieee() const' into 'double generic_copysign<double>(double, double)'
remark: /wrk/ci/prod/2022.2/hls_product/continuous/608/2022.2/src/shared/hls/clib/hlsmath/include/FloatingPoint/hls_fabs.h:12:0: Inlining function 'double generic_copysign<double>(double, double)' into 'double generic_fabs<double>(double)'
remark: /wrk/ci/prod/2022.2/hls_product/continuous/608/2022.2/src/shared/hls/clib/hlsmath/src/c/fabsdouble.cpp:7:0: Inlining function 'double generic_fabs<double>(double)' into 'fabs'
remark: /tools/Xilinx/Vitis_HLS/2022.2/tps/lnx64/gcc-8.3.0/lib/gcc/x86_64-pc-linux-gnu/8.3.0/../../../../include/c++/8.3.0/bits/std_abs.h:71:0: Inlining function 'fabs' into 'std::abs(double)'
remark: /home/petr/Documents/xilinx-workspace/vitis-workspace/dp/kria-1-2-app_kernels/src/krnl_main.cpp:254:0: Inlining function 'fmod' into 'generateActualValueTriangleWave'
remark: /home/petr/Documents/xilinx-workspace/vitis-workspace/dp/kria-1-2-app_kernels/src/krnl_main.cpp:254:0: Inlining function 'std::abs(double)' into 'generateActualValueTriangleWave'
remark: /wrk/ci/prod/2022.2/hls_product/continuous/608/2022.2/src/shared/hls/clib/hlsmath/include/FloatingPoint/hls_isnan.h:16:0: Inlining function 'fp_struct<double>::fp_struct(double)' into 'int generic_isnan<double>(double)'
remark: /wrk/ci/prod/2022.2/hls_product/continuous/608/2022.2/src/shared/hls/clib/src/hls/utils/x_hls_utils.h:511:0: Inlining function 'fp_struct<double>::data() const' into 'fp_struct<double>::to_int() const'
remark: /wrk/ci/prod/2022.2/hls_product/continuous/608/2022.2/src/shared/hls/clib/hlsmath/include/FloatingPoint/hls_fmax.h:20:0: Inlining function 'fp_struct<double>::fp_struct(double)' into 'double generic_fmax<double>(double, double)'
remark: /wrk/ci/prod/2022.2/hls_product/continuous/608/2022.2/src/shared/hls/clib/hlsmath/include/FloatingPoint/hls_fmax.h:20:0: Inlining function 'int generic_isnan<double>(double)' into 'double generic_fmax<double>(double, double)'
remark: /wrk/ci/prod/2022.2/hls_product/continuous/608/2022.2/src/shared/hls/clib/hlsmath/include/FloatingPoint/hls_fmax.h:20:0: Inlining function 'fp_struct<double>::to_ieee() const' into 'double generic_fmax<double>(double, double)'
remark: /wrk/ci/prod/2022.2/hls_product/continuous/608/2022.2/src/shared/hls/clib/hlsmath/include/FloatingPoint/hls_fmax.h:20:0: Inlining function 'fp_struct<double>::to_int() const' into 'double generic_fmax<double>(double, double)'
remark: /wrk/ci/prod/2022.2/hls_product/continuous/608/2022.2/src/shared/hls/clib/hlsmath/include/FloatingPoint/hls_fmin.h:20:0: Inlining function 'fp_struct<double>::fp_struct(double)' into 'double generic_fmin<double>(double, double)'
remark: /wrk/ci/prod/2022.2/hls_product/continuous/608/2022.2/src/shared/hls/clib/hlsmath/include/FloatingPoint/hls_fmin.h:20:0: Inlining function 'int generic_isnan<double>(double)' into 'double generic_fmin<double>(double, double)'
remark: /wrk/ci/prod/2022.2/hls_product/continuous/608/2022.2/src/shared/hls/clib/hlsmath/include/FloatingPoint/hls_fmin.h:20:0: Inlining function 'fp_struct<double>::to_ieee() const' into 'double generic_fmin<double>(double, double)'
remark: /wrk/ci/prod/2022.2/hls_product/continuous/608/2022.2/src/shared/hls/clib/hlsmath/include/FloatingPoint/hls_fmin.h:20:0: Inlining function 'fp_struct<double>::to_int() const' into 'double generic_fmin<double>(double, double)'
remark: /home/petr/Documents/xilinx-workspace/vitis-workspace/dp/kria-1-2-app_kernels/src/krnl_main.cpp:271:0: Inlining function 'fmax' into 'minMaxCommonModeVoltage'
remark: /home/petr/Documents/xilinx-workspace/vitis-workspace/dp/kria-1-2-app_kernels/src/krnl_main.cpp:271:0: Inlining function 'fmin' into 'minMaxCommonModeVoltage'
remark: /home/petr/Documents/xilinx-workspace/vitis-workspace/dp/kria-1-2-app_kernels/src/krnl_main.cpp:293:0: Inlining function 'sliceInternalVariables8Parts' into 'krnl_calculateCurVelModel'
remark: /home/petr/Documents/xilinx-workspace/vitis-workspace/dp/kria-1-2-app_kernels/src/krnl_main.cpp:293:0: Inlining function 'outputCurVelProductsCalc' into 'krnl_calculateCurVelModel'
remark: /home/petr/Documents/xilinx-workspace/vitis-workspace/dp/kria-1-2-app_kernels/src/krnl_main.cpp:293:0: Inlining function 'cosf' into 'krnl_calculateCurVelModel'
remark: /home/petr/Documents/xilinx-workspace/vitis-workspace/dp/kria-1-2-app_kernels/src/krnl_main.cpp:293:0: Inlining function 'sinf' into 'krnl_calculateCurVelModel'
remark: /home/petr/Documents/xilinx-workspace/vitis-workspace/dp/kria-1-2-app_kernels/src/krnl_main.cpp:293:0: Inlining function 'generateActualValueTriangleWave' into 'krnl_calculateCurVelModel'
remark: /home/petr/Documents/xilinx-workspace/vitis-workspace/dp/kria-1-2-app_kernels/src/krnl_main.cpp:293:0: Inlining function 'minMaxCommonModeVoltage' into 'krnl_calculateCurVelModel'
remark: /home/petr/Documents/xilinx-workspace/vitis-workspace/dp/kria-1-2-app_kernels/src/krnl_main.cpp:293:0: Inlining function 'sliceInternalVariables3Parts' into 'krnl_calculateCurVelModel'
remark: /home/petr/Documents/xilinx-workspace/vitis-workspace/dp/kria-1-2-app_kernels/src/krnl_main.cpp:293:0: Inlining function 'createCompareLevel' into 'krnl_calculateCurVelModel'
remark: /home/petr/Documents/xilinx-workspace/vitis-workspace/dp/kria-1-2-app_kernels/src/krnl_main.cpp:293:0: Inlining function 'comparationLevelTriangleWaveComparation' into 'krnl_calculateCurVelModel'
