INFO-FLOW: Workspace /home/petr/Documents/xilinx-workspace/vitis-workspace/dp/kria-1-2-app_kernels/Emulation-SW/build/krnl_calculateCurVelModel/krnl_calculateCurVelModel/krnl_calculateCurVelModel/solution opened at Mon Mar 27 01:47:28 CEST 2023
Execute       send_msg_by_id INFO @200-1505@%s%s  vitis 
INFO: [HLS 200-1505] Using flow_target 'vitis'
Execute       send_msg_by_id INFO @200-435@%s%s 'open_solution -flow_target vitis' config_interface -m_axi_latency=64 
INFO: [HLS 200-435] Setting 'open_solution -flow_target vitis' configuration: config_interface -m_axi_latency=64
Execute       config_interface -m_axi_latency=64 
Execute       send_msg_by_id INFO @200-435@%s%s 'open_solution -flow_target vitis' config_interface -m_axi_alignment_byte_size=64 
INFO: [HLS 200-435] Setting 'open_solution -flow_target vitis' configuration: config_interface -m_axi_alignment_byte_size=64
Execute       config_interface -m_axi_alignment_byte_size=64 
Execute       send_msg_by_id INFO @200-435@%s%s 'open_solution -flow_target vitis' config_interface -m_axi_max_widen_bitwidth=512 
INFO: [HLS 200-435] Setting 'open_solution -flow_target vitis' configuration: config_interface -m_axi_max_widen_bitwidth=512
Execute       config_interface -m_axi_max_widen_bitwidth=512 
INFO-FLOW: Setting macro_cmd open_solution -flow_target vitis configuration: config_interface -default_interface=kernel
Execute       config_interface -default_interface=kernel 
Execute       send_msg_by_id INFO @200-435@%s%s 'open_solution -flow_target vitis' config_rtl -register_reset_num=3 
INFO: [HLS 200-435] Setting 'open_solution -flow_target vitis' configuration: config_rtl -register_reset_num=3
Execute       config_rtl -register_reset_num=3 
Command     open_solution done; 0.21 sec.
Execute     set_part xck26-sfvc784-2LV-c 
INFO: [HLS 200-1510] Running: set_part xck26-sfvc784-2LV-c 
Execute       create_platform xck26-sfvc784-2LV-c -board  
DBG:HLSDevice: Trying to load device library: /tools/Xilinx/Vitis_HLS/2022.2/lib/lnx64.o/libxv_hlsvwrap.so
DBG:HLSDevice: first parts/arch.xml in RDI_DATADIR: /tools/Xilinx/Vivado/2022.2/data/parts/arch.xml
DBG:HLSDevice: init success
INFO: [HLS 200-1611] Setting target device to 'xck26-sfvc784-2LV-c'
Command       create_platform done; 10.91 sec.
Execute       source /tools/Xilinx/Vitis_HLS/2022.2/common/technology/xilinx/common/xilinx.gen 
Execute         source /tools/Xilinx/Vitis_HLS/2022.2/common/technology/xilinx/interface/plb46.gen 
Execute         source /tools/Xilinx/Vitis_HLS/2022.2/common/technology/xilinx/interface/axi4.gen 
Execute         source /tools/Xilinx/Vitis_HLS/2022.2/common/technology/xilinx/interface/nativeAXI4.gen 
Execute           source /tools/Xilinx/Vitis_HLS/2022.2/common/technology/xilinx/interface/saxilite.gen 
Execute         source /tools/Xilinx/Vitis_HLS/2022.2/common/technology/xilinx/scripts/xilinxcoregen.gen 
Execute         source /tools/Xilinx/Vitis_HLS/2022.2/common/technology/xilinx/interface/XilEDKCoreGen.gen 
Execute         source /tools/Xilinx/Vitis_HLS/2022.2/common/technology/xilinx/ip/xfft.gen 
Command         ap_source done; 0.16 sec.
Execute         source /tools/Xilinx/Vitis_HLS/2022.2/common/technology/xilinx/ip/xfir.gen 
Execute         source /tools/Xilinx/Vitis_HLS/2022.2/common/technology/xilinx/ip/util.gen 
Execute         source /tools/Xilinx/Vitis_HLS/2022.2/common/technology/xilinx/ip/dds_compiler.gen 
Execute         source /tools/Xilinx/Vitis_HLS/2022.2/common/technology/xilinx/DSP48/dsp48.gen 
Command       ap_source done; 0.29 sec.
Execute       ap_part_info -name xck26-sfvc784-2LV-c -data info 
Execute       config_compile -quiet -complex-mul-dsp=0 
Command     set_part done; 11.25 sec.
Execute     create_clock -period 199.998000MHz -name default 
INFO: [HLS 200-1510] Running: create_clock -period 199.998000MHz -name default 
Execute       ap_set_clock -name default -period 5 -unit ns -default=false 
INFO: [SYN 201-201] Setting up clock 'default' with a period of 5ns.
Execute     config_rtl -kernel_profile 
INFO: [HLS 200-1510] Running: config_rtl -kernel_profile 
Execute     config_dataflow -strict_mode warning 
INFO: [HLS 200-1510] Running: config_dataflow -strict_mode warning 
Execute     config_debug -enable 
INFO: [HLS 200-1510] Running: config_debug -enable 
Execute     config_export -deadlock_detection none 
INFO: [HLS 200-1510] Running: config_export -deadlock_detection none 
WARNING: [HLS 200-483] The 'config_export -deadlock_detection' command is deprecated and will be removed in a future release. Use 'config_rtl -deadlock_detection' as its replacement.
INFO: [HLS 200-1907] Replacing 'config_export -deadlock_detection=none' with 'config_rtl -deadlock_detection=none' in current solution file
Execute     config_interface -m_axi_conservative_mode=1 
INFO: [HLS 200-1510] Running: config_interface -m_axi_conservative_mode=1 
Execute     config_interface -m_axi_addr64 
INFO: [HLS 200-1510] Running: config_interface -m_axi_addr64 
Execute     config_interface -m_axi_auto_max_ports=1 
INFO: [HLS 200-1510] Running: config_interface -m_axi_auto_max_ports=1 
Execute     config_export -format xo -ipname krnl_calculateCurVelModel 
INFO: [HLS 200-1510] Running: config_export -format xo -ipname krnl_calculateCurVelModel 
INFO: [HLS 200-1907] Replacing 'config_export -deadlock_detection=none' with 'config_rtl -deadlock_detection=none' in current solution file
Execute     csynth_design -synthesis_check 
INFO: [HLS 200-1510] Running: csynth_design -synthesis_check 
Execute       elaborate -effort=medium -skip_syncheck=0 -keep_printf=0 -skip_cdt=0 -skip_transform=2 -ng=0 -g=0 -opt_fp=0 -from_csynth_design=1 
INFO: [HLS 200-111] Finished File checks and directory preparation: CPU user time: 0.01 seconds. CPU system time: 0 seconds. Elapsed time: 0.02 seconds; current allocated memory: 753.934 MB.
INFO: [HLS 200-10] Analyzing design file '/home/petr/Documents/xilinx-workspace/vitis-workspace/dp/kria-1-2-app_kernels/src/krnl_main.cpp' ... 
INFO-FLOW: Compiling one TU...
INFO-FLOW: Handling /home/petr/Documents/xilinx-workspace/vitis-workspace/dp/kria-1-2-app_kernels/src/krnl_main.cpp as C++
Execute         ap_part_info -name xck26-sfvc784-2LV-c -data info 
INFO-FLOW: Running: GCC PP 39
INFO-FLOW: Source preprocessing
Execute         ap_eval exec -ignorestderr /tools/Xilinx/Vitis_HLS/2022.2/lnx64/tools/clang-3.9-csynth/bin/clang /home/petr/Documents/xilinx-workspace/vitis-workspace/dp/kria-1-2-app_kernels/src/krnl_main.cpp -foptimization-record-file=/home/petr/Documents/xilinx-workspace/vitis-workspace/dp/kria-1-2-app_kernels/Emulation-SW/build/krnl_calculateCurVelModel/krnl_calculateCurVelModel/krnl_calculateCurVelModel/solution/.autopilot/db/krnl_main.cpp.clang.diag.yml -mllvm -pass-remarks-missed=reflow|pasta|unroll -mllvm -pass-remarks=reflow|pasta|unroll|inline -fno-limit-debug-info -gcc-toolchain /tools/Xilinx/Vitis_HLS/2022.2/tps/lnx64/gcc-8.3.0 -fhls -fno-exceptions -E -g -I/home/petr/Documents/xilinx-workspace/vitis-workspace/dp/kria-1-2-app_kernels/src -fno-math-errno -c -emit-llvm -mllvm -disable-llvm-optzns -Werror=implicit-function-declaration -Werror=implicit-hls-streams -Werror=return-type -Wpragmas -Wunused-parameter -Wdump-hls-pragmas -Wno-error=dump-hls-pragmas -fno-threadsafe-statics -fno-use-cxa-atexit -std=gnu++14 -target fpga64-xilinx-linux-gnu -fno-threadsafe-statics -fno-use-cxa-atexit -D__VITIS_HLS__ -DAESL_SYN -D__SYNTHESIS__ -D__HLS_SYN__ -I /tools/Xilinx/Vitis_HLS/2022.2/common/technology/autopilot -I /tools/Xilinx/Vitis_HLS/2022.2/common/technology/autopilot/ap_sysc -include etc/autopilot_ssdm_op.h -D__DSP48E2__ -I /usr/include/x86_64-linux-gnu -o /home/petr/Documents/xilinx-workspace/vitis-workspace/dp/kria-1-2-app_kernels/Emulation-SW/build/krnl_calculateCurVelModel/krnl_calculateCurVelModel/krnl_calculateCurVelModel/solution/.autopilot/db/krnl_main.pp.0.cpp -hls-platform-db-name=/tools/Xilinx/Vitis_HLS/2022.2/common/technology/xilinx/common/platform.db -hls-platform-name=zynquplus_medium -device-resource-info=BRAM_288.000000_DSP_1248.000000_FF_234240.000000_LUT_117120.000000_SLICE_14640.000000_URAM_64.000000 -device-name-info=xck26-sfvc784-2LV-c > /home/petr/Documents/xilinx-workspace/vitis-workspace/dp/kria-1-2-app_kernels/Emulation-SW/build/krnl_calculateCurVelModel/krnl_calculateCurVelModel/krnl_calculateCurVelModel/solution/.autopilot/db/krnl_main.cpp.clang.out.log 2> /home/petr/Documents/xilinx-workspace/vitis-workspace/dp/kria-1-2-app_kernels/Emulation-SW/build/krnl_calculateCurVelModel/krnl_calculateCurVelModel/krnl_calculateCurVelModel/solution/.autopilot/db/krnl_main.cpp.clang.err.log 
Command         ap_eval done; 2.36 sec.
INFO-FLOW: Done: GCC PP 39 time: 2.4 seconds per iteration
Execute         set_directive_top krnl_calculateCurVelModel -name=krnl_calculateCurVelModel 
Execute         source /tools/Xilinx/Vitis_HLS/2022.2/tps/tcl/tcllib1.11.1/yaml/huddle.tcl 
Execute         source /tools/Xilinx/Vitis_HLS/2022.2/tps/tcl/tcllib1.11.1/yaml/json2huddle.tcl 
INFO-FLOW: Source syntax check for synthesis
Execute         ap_eval exec -ignorestderr /tools/Xilinx/Vitis_HLS/2022.2/lnx64/tools/clang-3.9-csynth/bin/clang -foptimization-record-file=/home/petr/Documents/xilinx-workspace/vitis-workspace/dp/kria-1-2-app_kernels/Emulation-SW/build/krnl_calculateCurVelModel/krnl_calculateCurVelModel/krnl_calculateCurVelModel/solution/.autopilot/db/clang.diag.yml -mllvm -pass-remarks-missed=reflow|pasta|unroll -mllvm -pass-remarks=reflow|pasta|unroll|inline -fsyntax-only -fhls -target fpga64-xilinx-linux-gnu /home/petr/Documents/xilinx-workspace/vitis-workspace/dp/kria-1-2-app_kernels/Emulation-SW/build/krnl_calculateCurVelModel/krnl_calculateCurVelModel/krnl_calculateCurVelModel/solution/.autopilot/db/krnl_main.pp.0.cpp -hls-platform-db-name=/tools/Xilinx/Vitis_HLS/2022.2/common/technology/xilinx/common/platform.db -hls-platform-name=zynquplus_medium -device-resource-info=BRAM_288.000000_DSP_1248.000000_FF_234240.000000_LUT_117120.000000_SLICE_14640.000000_URAM_64.000000 -device-name-info=xck26-sfvc784-2LV-c > /home/petr/Documents/xilinx-workspace/vitis-workspace/dp/kria-1-2-app_kernels/Emulation-SW/build/krnl_calculateCurVelModel/krnl_calculateCurVelModel/krnl_calculateCurVelModel/solution/.autopilot/db/clang.out.log 2> /home/petr/Documents/xilinx-workspace/vitis-workspace/dp/kria-1-2-app_kernels/Emulation-SW/build/krnl_calculateCurVelModel/krnl_calculateCurVelModel/krnl_calculateCurVelModel/solution/.autopilot/db/clang.err.log 
Command         ap_eval done; 9.92 sec.
WARNING: [HLS 207-5571] '#pragma HLS loop_tripcount' can only be applied inside loop body (/home/petr/Documents/xilinx-workspace/vitis-workspace/dp/kria-1-2-app_kernels/src/krnl_main.cpp:98:9)
WARNING: [HLS 207-5562] performance pragma is ignored, because it is not in a loop  (/home/petr/Documents/xilinx-workspace/vitis-workspace/dp/kria-1-2-app_kernels/src/krnl_main.cpp:97:9)
WARNING: [HLS 207-5562] performance pragma is ignored, because it is not in a loop  (/home/petr/Documents/xilinx-workspace/vitis-workspace/dp/kria-1-2-app_kernels/src/krnl_main.cpp:296:9)
Execute         clang_tidy xilinx-systemc-detector -desc systemc-detector /home/petr/Documents/xilinx-workspace/vitis-workspace/dp/kria-1-2-app_kernels/Emulation-SW/build/krnl_calculateCurVelModel/krnl_calculateCurVelModel/krnl_calculateCurVelModel/solution/.autopilot/db/krnl_main.pp.0.cpp std=gnu++14 -target fpga  -directive=/home/petr/Documents/xilinx-workspace/vitis-workspace/dp/kria-1-2-app_kernels/Emulation-SW/build/krnl_calculateCurVelModel/krnl_calculateCurVelModel/krnl_calculateCurVelModel/solution/.autopilot/db/.systemc_flag 
INFO-FLOW: exec /tools/Xilinx/Vitis_HLS/2022.2/lnx64/tools/clang-3.9-csynth/bin/clang-tidy -header-filter=.* --checks=-*,xilinx-systemc-detector -import-directive=/home/petr/Documents/xilinx-workspace/vitis-workspace/dp/kria-1-2-app_kernels/Emulation-SW/build/krnl_calculateCurVelModel/krnl_calculateCurVelModel/krnl_calculateCurVelModel/solution/.autopilot/db/.systemc_flag -fix-errors /home/petr/Documents/xilinx-workspace/vitis-workspace/dp/kria-1-2-app_kernels/Emulation-SW/build/krnl_calculateCurVelModel/krnl_calculateCurVelModel/krnl_calculateCurVelModel/solution/.autopilot/db/krnl_main.pp.0.cpp -- -std=gnu++14 -target fpga -fhls -ferror-limit=0
Command         clang_tidy done; 9.92 sec.
INFO-FLOW: Running: clang-tidy CDT preprocess 39
Execute         clang_tidy xilinx-directive2pragma -desc directive2pragma /home/petr/Documents/xilinx-workspace/vitis-workspace/dp/kria-1-2-app_kernels/Emulation-SW/build/krnl_calculateCurVelModel/krnl_calculateCurVelModel/krnl_calculateCurVelModel/solution/.autopilot/db/krnl_main.pp.0.cpp std=gnu++14 -target fpga  -directive=/home/petr/Documents/xilinx-workspace/vitis-workspace/dp/kria-1-2-app_kernels/Emulation-SW/build/krnl_calculateCurVelModel/krnl_calculateCurVelModel/krnl_calculateCurVelModel/solution/.autopilot/db/all.directive.json 
INFO-FLOW: exec /tools/Xilinx/Vitis_HLS/2022.2/lnx64/tools/clang-3.9-csynth/bin/clang-tidy -header-filter=.* --checks=-*,xilinx-directive2pragma -import-directive=/home/petr/Documents/xilinx-workspace/vitis-workspace/dp/kria-1-2-app_kernels/Emulation-SW/build/krnl_calculateCurVelModel/krnl_calculateCurVelModel/krnl_calculateCurVelModel/solution/.autopilot/db/all.directive.json -fix-errors /home/petr/Documents/xilinx-workspace/vitis-workspace/dp/kria-1-2-app_kernels/Emulation-SW/build/krnl_calculateCurVelModel/krnl_calculateCurVelModel/krnl_calculateCurVelModel/solution/.autopilot/db/krnl_main.pp.0.cpp -- -std=gnu++14 -target fpga -fhls -ferror-limit=0
Command         clang_tidy done; 10.49 sec.
Execute         clang_tidy xilinx-remove-assert -desc remove-assert /home/petr/Documents/xilinx-workspace/vitis-workspace/dp/kria-1-2-app_kernels/Emulation-SW/build/krnl_calculateCurVelModel/krnl_calculateCurVelModel/krnl_calculateCurVelModel/solution/.autopilot/db/krnl_main.pp.0.cpp std=gnu++14 -target fpga  
INFO-FLOW: exec /tools/Xilinx/Vitis_HLS/2022.2/lnx64/tools/clang-3.9-csynth/bin/clang-tidy -header-filter=.* --checks=-*,xilinx-remove-assert -fix-errors /home/petr/Documents/xilinx-workspace/vitis-workspace/dp/kria-1-2-app_kernels/Emulation-SW/build/krnl_calculateCurVelModel/krnl_calculateCurVelModel/krnl_calculateCurVelModel/solution/.autopilot/db/krnl_main.pp.0.cpp -- -std=gnu++14 -target fpga -fhls -ferror-limit=0
Command         clang_tidy done; 8.92 sec.
INFO-FLOW: Done: clang-tidy CDT preprocess 39 time: 19.4 seconds per iteration
Execute         ap_part_info -name xck26-sfvc784-2LV-c -data info 
INFO-FLOW: compiling source code to llvm bc
Execute         ap_eval exec -ignorestderr /tools/Xilinx/Vitis_HLS/2022.2/lnx64/tools/clang-3.9-csynth/bin/clang -foptimization-record-file=/home/petr/Documents/xilinx-workspace/vitis-workspace/dp/kria-1-2-app_kernels/Emulation-SW/build/krnl_calculateCurVelModel/krnl_calculateCurVelModel/krnl_calculateCurVelModel/solution/.autopilot/db/krnl_main.pp.0.cpp.clang.diag.yml -mllvm -pass-remarks-missed=reflow|pasta|unroll -mllvm -pass-remarks=reflow|pasta|unroll|inline -fno-limit-debug-info -fhls -flto -fno-exceptions -Wno-error=c++11-narrowing /home/petr/Documents/xilinx-workspace/vitis-workspace/dp/kria-1-2-app_kernels/Emulation-SW/build/krnl_calculateCurVelModel/krnl_calculateCurVelModel/krnl_calculateCurVelModel/solution/.autopilot/db/krnl_main.pp.0.cpp -g -I/home/petr/Documents/xilinx-workspace/vitis-workspace/dp/kria-1-2-app_kernels/src -fno-math-errno -c -emit-llvm -mllvm -disable-llvm-optzns -Werror=implicit-function-declaration -Werror=implicit-hls-streams -Werror=return-type -Wpragmas -Wunused-parameter -Wdump-hls-pragmas -Wno-error=dump-hls-pragmas -fno-threadsafe-statics -fno-use-cxa-atexit -std=gnu++14 -target fpga64-xilinx-linux-gnu -D__VITIS_HLS__ -DAESL_SYN -D__SYNTHESIS__ -D__HLS_SYN__ -I /tools/Xilinx/Vitis_HLS/2022.2/common/technology/autopilot -I /tools/Xilinx/Vitis_HLS/2022.2/common/technology/autopilot/ap_sysc -include etc/autopilot_ssdm_op.h -D__DSP48E2__ -g -o /home/petr/Documents/xilinx-workspace/vitis-workspace/dp/kria-1-2-app_kernels/Emulation-SW/build/krnl_calculateCurVelModel/krnl_calculateCurVelModel/krnl_calculateCurVelModel/solution/.autopilot/db/krnl_main.bc -hls-platform-db-name=/tools/Xilinx/Vitis_HLS/2022.2/common/technology/xilinx/common/platform.db -hls-platform-name=zynquplus_medium -device-resource-info=BRAM_288.000000_DSP_1248.000000_FF_234240.000000_LUT_117120.000000_SLICE_14640.000000_URAM_64.000000 -device-name-info=xck26-sfvc784-2LV-c > /home/petr/Documents/xilinx-workspace/vitis-workspace/dp/kria-1-2-app_kernels/Emulation-SW/build/krnl_calculateCurVelModel/krnl_calculateCurVelModel/krnl_calculateCurVelModel/solution/.autopilot/db/krnl_main.pp.0.cpp.clang.out.log 2> /home/petr/Documents/xilinx-workspace/vitis-workspace/dp/kria-1-2-app_kernels/Emulation-SW/build/krnl_calculateCurVelModel/krnl_calculateCurVelModel/krnl_calculateCurVelModel/solution/.autopilot/db/krnl_main.pp.0.cpp.clang.err.log 
Command         ap_eval done; 9.93 sec.
WARNING: [HLS 207-5292] unused parameter 'i1beta' (/home/petr/Documents/xilinx-workspace/vitis-workspace/dp/kria-1-2-app_kernels/src/krnl_main.cpp:56:74)
WARNING: [HLS 207-5292] unused parameter 'i1alpha' (/home/petr/Documents/xilinx-workspace/vitis-workspace/dp/kria-1-2-app_kernels/src/krnl_main.cpp:66:58)
WARNING: [HLS 207-5292] unused parameter 'globalSimulationTime' (/home/petr/Documents/xilinx-workspace/vitis-workspace/dp/kria-1-2-app_kernels/src/krnl_main.cpp:71:217)
INFO: [HLS 200-111] Finished Source Code Analysis and Preprocessing: CPU user time: 45.89 seconds. CPU system time: 4.04 seconds. Elapsed time: 52.29 seconds; current allocated memory: 758.980 MB.
INFO-FLOW: Linking Debug ...
INFO-FLOW: Linking dut bc code.
Execute         run_link_or_opt -out /home/petr/Documents/xilinx-workspace/vitis-workspace/dp/kria-1-2-app_kernels/Emulation-SW/build/krnl_calculateCurVelModel/krnl_calculateCurVelModel/krnl_calculateCurVelModel/solution/.autopilot/db/a.g.ld.0.bc -args  "/home/petr/Documents/xilinx-workspace/vitis-workspace/dp/kria-1-2-app_kernels/Emulation-SW/build/krnl_calculateCurVelModel/krnl_calculateCurVelModel/krnl_calculateCurVelModel/solution/.autopilot/db/krnl_main.g.bc"  
Execute           ap_eval exec -ignorestderr /tools/Xilinx/Vitis_HLS/2022.2/lnx64/tools/clang-3.9-csynth/bin/llvm-link /home/petr/Documents/xilinx-workspace/vitis-workspace/dp/kria-1-2-app_kernels/Emulation-SW/build/krnl_calculateCurVelModel/krnl_calculateCurVelModel/krnl_calculateCurVelModel/solution/.autopilot/db/krnl_main.g.bc -o /home/petr/Documents/xilinx-workspace/vitis-workspace/dp/kria-1-2-app_kernels/Emulation-SW/build/krnl_calculateCurVelModel/krnl_calculateCurVelModel/krnl_calculateCurVelModel/solution/.autopilot/db/a.g.ld.0.bc > /home/petr/Documents/xilinx-workspace/vitis-workspace/dp/kria-1-2-app_kernels/Emulation-SW/build/krnl_calculateCurVelModel/krnl_calculateCurVelModel/krnl_calculateCurVelModel/solution/.autopilot/db/a.g.ld.0.bc.llvm-link.out.log 2> /home/petr/Documents/xilinx-workspace/vitis-workspace/dp/kria-1-2-app_kernels/Emulation-SW/build/krnl_calculateCurVelModel/krnl_calculateCurVelModel/krnl_calculateCurVelModel/solution/.autopilot/db/a.g.ld.0.bc.llvm-link.err.log 
Command           ap_eval done; 0.12 sec.
INFO-FLOW: 
Command         run_link_or_opt done; 0.12 sec.
Execute         run_link_or_opt -opt -out /home/petr/Documents/xilinx-workspace/vitis-workspace/dp/kria-1-2-app_kernels/Emulation-SW/build/krnl_calculateCurVelModel/krnl_calculateCurVelModel/krnl_calculateCurVelModel/solution/.autopilot/db/a.g.ld.1.lower.bc -args /home/petr/Documents/xilinx-workspace/vitis-workspace/dp/kria-1-2-app_kernels/Emulation-SW/build/krnl_calculateCurVelModel/krnl_calculateCurVelModel/krnl_calculateCurVelModel/solution/.autopilot/db/a.g.ld.0.bc -reflow-lower-math-intrinsics 
Execute           ap_eval exec -ignorestderr /tools/Xilinx/Vitis_HLS/2022.2/lnx64/tools/clang-3.9-csynth/bin/opt -pass-remarks-missed=reflow|pasta|unroll -pass-remarks=reflow|pasta|unroll|inline -pass-remarks-output=/home/petr/Documents/xilinx-workspace/vitis-workspace/dp/kria-1-2-app_kernels/Emulation-SW/build/krnl_calculateCurVelModel/krnl_calculateCurVelModel/krnl_calculateCurVelModel/solution/.autopilot/db/a.g.ld.1.lower.bc.opt.diag.yml /home/petr/Documents/xilinx-workspace/vitis-workspace/dp/kria-1-2-app_kernels/Emulation-SW/build/krnl_calculateCurVelModel/krnl_calculateCurVelModel/krnl_calculateCurVelModel/solution/.autopilot/db/a.g.ld.0.bc -reflow-lower-math-intrinsics -o /home/petr/Documents/xilinx-workspace/vitis-workspace/dp/kria-1-2-app_kernels/Emulation-SW/build/krnl_calculateCurVelModel/krnl_calculateCurVelModel/krnl_calculateCurVelModel/solution/.autopilot/db/a.g.ld.1.lower.bc > /home/petr/Documents/xilinx-workspace/vitis-workspace/dp/kria-1-2-app_kernels/Emulation-SW/build/krnl_calculateCurVelModel/krnl_calculateCurVelModel/krnl_calculateCurVelModel/solution/.autopilot/db/a.g.ld.1.lower.bc.opt.out.log 2> /home/petr/Documents/xilinx-workspace/vitis-workspace/dp/kria-1-2-app_kernels/Emulation-SW/build/krnl_calculateCurVelModel/krnl_calculateCurVelModel/krnl_calculateCurVelModel/solution/.autopilot/db/a.g.ld.1.lower.bc.opt.err.log 
Command           ap_eval done; 0.43 sec.
INFO-FLOW: 
Command         run_link_or_opt done; 0.43 sec.
INFO-FLOW: Linking math bc lib
Execute         run_link_or_opt -out /home/petr/Documents/xilinx-workspace/vitis-workspace/dp/kria-1-2-app_kernels/Emulation-SW/build/krnl_calculateCurVelModel/krnl_calculateCurVelModel/krnl_calculateCurVelModel/solution/.autopilot/db/a.g.ld.2.m1.bc -args /home/petr/Documents/xilinx-workspace/vitis-workspace/dp/kria-1-2-app_kernels/Emulation-SW/build/krnl_calculateCurVelModel/krnl_calculateCurVelModel/krnl_calculateCurVelModel/solution/.autopilot/db/a.g.ld.1.lower.bc -only-needed /tools/Xilinx/Vitis_HLS/2022.2/lnx64/lib/libhlsm_39.bc /tools/Xilinx/Vitis_HLS/2022.2/lnx64/lib/libhlsmc++_39.bc 
Execute           ap_eval exec -ignorestderr /tools/Xilinx/Vitis_HLS/2022.2/lnx64/tools/clang-3.9-csynth/bin/llvm-link /home/petr/Documents/xilinx-workspace/vitis-workspace/dp/kria-1-2-app_kernels/Emulation-SW/build/krnl_calculateCurVelModel/krnl_calculateCurVelModel/krnl_calculateCurVelModel/solution/.autopilot/db/a.g.ld.1.lower.bc -only-needed /tools/Xilinx/Vitis_HLS/2022.2/lnx64/lib/libhlsm_39.bc /tools/Xilinx/Vitis_HLS/2022.2/lnx64/lib/libhlsmc++_39.bc -o /home/petr/Documents/xilinx-workspace/vitis-workspace/dp/kria-1-2-app_kernels/Emulation-SW/build/krnl_calculateCurVelModel/krnl_calculateCurVelModel/krnl_calculateCurVelModel/solution/.autopilot/db/a.g.ld.2.m1.bc > /home/petr/Documents/xilinx-workspace/vitis-workspace/dp/kria-1-2-app_kernels/Emulation-SW/build/krnl_calculateCurVelModel/krnl_calculateCurVelModel/krnl_calculateCurVelModel/solution/.autopilot/db/a.g.ld.2.m1.bc.llvm-link.out.log 2> /home/petr/Documents/xilinx-workspace/vitis-workspace/dp/kria-1-2-app_kernels/Emulation-SW/build/krnl_calculateCurVelModel/krnl_calculateCurVelModel/krnl_calculateCurVelModel/solution/.autopilot/db/a.g.ld.2.m1.bc.llvm-link.err.log 
Command           ap_eval done; 5.96 sec.
INFO-FLOW: 
Command         run_link_or_opt done; 5.96 sec.
Execute         run_link_or_opt -opt -out /home/petr/Documents/xilinx-workspace/vitis-workspace/dp/kria-1-2-app_kernels/Emulation-SW/build/krnl_calculateCurVelModel/krnl_calculateCurVelModel/krnl_calculateCurVelModel/solution/.autopilot/db/a.g.ld.3.fpc.bc -args /home/petr/Documents/xilinx-workspace/vitis-workspace/dp/kria-1-2-app_kernels/Emulation-SW/build/krnl_calculateCurVelModel/krnl_calculateCurVelModel/krnl_calculateCurVelModel/solution/.autopilot/db/a.g.ld.2.m1.bc -reflow-globaldce -hls-top-function-name=krnl_calculateCurVelModel -reflow-float-conversion 
Execute           ap_eval exec -ignorestderr /tools/Xilinx/Vitis_HLS/2022.2/lnx64/tools/clang-3.9-csynth/bin/opt -pass-remarks-missed=reflow|pasta|unroll -pass-remarks=reflow|pasta|unroll|inline -pass-remarks-output=/home/petr/Documents/xilinx-workspace/vitis-workspace/dp/kria-1-2-app_kernels/Emulation-SW/build/krnl_calculateCurVelModel/krnl_calculateCurVelModel/krnl_calculateCurVelModel/solution/.autopilot/db/a.g.ld.3.fpc.bc.opt.diag.yml /home/petr/Documents/xilinx-workspace/vitis-workspace/dp/kria-1-2-app_kernels/Emulation-SW/build/krnl_calculateCurVelModel/krnl_calculateCurVelModel/krnl_calculateCurVelModel/solution/.autopilot/db/a.g.ld.2.m1.bc -reflow-globaldce -hls-top-function-name=krnl_calculateCurVelModel -reflow-float-conversion -o /home/petr/Documents/xilinx-workspace/vitis-workspace/dp/kria-1-2-app_kernels/Emulation-SW/build/krnl_calculateCurVelModel/krnl_calculateCurVelModel/krnl_calculateCurVelModel/solution/.autopilot/db/a.g.ld.3.fpc.bc > /home/petr/Documents/xilinx-workspace/vitis-workspace/dp/kria-1-2-app_kernels/Emulation-SW/build/krnl_calculateCurVelModel/krnl_calculateCurVelModel/krnl_calculateCurVelModel/solution/.autopilot/db/a.g.ld.3.fpc.bc.opt.out.log 2> /home/petr/Documents/xilinx-workspace/vitis-workspace/dp/kria-1-2-app_kernels/Emulation-SW/build/krnl_calculateCurVelModel/krnl_calculateCurVelModel/krnl_calculateCurVelModel/solution/.autopilot/db/a.g.ld.3.fpc.bc.opt.err.log 
Command           ap_eval done; 2.45 sec.
INFO-FLOW: 
Command         run_link_or_opt done; 2.46 sec.
Execute         run_link_or_opt -out /home/petr/Documents/xilinx-workspace/vitis-workspace/dp/kria-1-2-app_kernels/Emulation-SW/build/krnl_calculateCurVelModel/krnl_calculateCurVelModel/krnl_calculateCurVelModel/solution/.autopilot/db/a.g.ld.4.m2.bc -args /home/petr/Documents/xilinx-workspace/vitis-workspace/dp/kria-1-2-app_kernels/Emulation-SW/build/krnl_calculateCurVelModel/krnl_calculateCurVelModel/krnl_calculateCurVelModel/solution/.autopilot/db/a.g.ld.3.fpc.bc -only-needed /tools/Xilinx/Vitis_HLS/2022.2/lnx64/lib/libfloatconversion_39.bc 
Execute           ap_eval exec -ignorestderr /tools/Xilinx/Vitis_HLS/2022.2/lnx64/tools/clang-3.9-csynth/bin/llvm-link /home/petr/Documents/xilinx-workspace/vitis-workspace/dp/kria-1-2-app_kernels/Emulation-SW/build/krnl_calculateCurVelModel/krnl_calculateCurVelModel/krnl_calculateCurVelModel/solution/.autopilot/db/a.g.ld.3.fpc.bc -only-needed /tools/Xilinx/Vitis_HLS/2022.2/lnx64/lib/libfloatconversion_39.bc -o /home/petr/Documents/xilinx-workspace/vitis-workspace/dp/kria-1-2-app_kernels/Emulation-SW/build/krnl_calculateCurVelModel/krnl_calculateCurVelModel/krnl_calculateCurVelModel/solution/.autopilot/db/a.g.ld.4.m2.bc > /home/petr/Documents/xilinx-workspace/vitis-workspace/dp/kria-1-2-app_kernels/Emulation-SW/build/krnl_calculateCurVelModel/krnl_calculateCurVelModel/krnl_calculateCurVelModel/solution/.autopilot/db/a.g.ld.4.m2.bc.llvm-link.out.log 2> /home/petr/Documents/xilinx-workspace/vitis-workspace/dp/kria-1-2-app_kernels/Emulation-SW/build/krnl_calculateCurVelModel/krnl_calculateCurVelModel/krnl_calculateCurVelModel/solution/.autopilot/db/a.g.ld.4.m2.bc.llvm-link.err.log 
Command           ap_eval done; 0.93 sec.
INFO-FLOW: 
Command         run_link_or_opt done; 0.94 sec.
Execute         run_link_or_opt -opt -out /home/petr/Documents/xilinx-workspace/vitis-workspace/dp/kria-1-2-app_kernels/Emulation-SW/build/krnl_calculateCurVelModel/krnl_calculateCurVelModel/krnl_calculateCurVelModel/solution/.autopilot/db/a.g.ld.5.gdce.bc -args /home/petr/Documents/xilinx-workspace/vitis-workspace/dp/kria-1-2-app_kernels/Emulation-SW/build/krnl_calculateCurVelModel/krnl_calculateCurVelModel/krnl_calculateCurVelModel/solution/.autopilot/db/a.g.ld.4.m2.bc -reflow-globaldce -hls-top-function-name=krnl_calculateCurVelModel 
Execute           ap_eval exec -ignorestderr /tools/Xilinx/Vitis_HLS/2022.2/lnx64/tools/clang-3.9-csynth/bin/opt -pass-remarks-missed=reflow|pasta|unroll -pass-remarks=reflow|pasta|unroll|inline -pass-remarks-output=/home/petr/Documents/xilinx-workspace/vitis-workspace/dp/kria-1-2-app_kernels/Emulation-SW/build/krnl_calculateCurVelModel/krnl_calculateCurVelModel/krnl_calculateCurVelModel/solution/.autopilot/db/a.g.ld.5.gdce.bc.opt.diag.yml /home/petr/Documents/xilinx-workspace/vitis-workspace/dp/kria-1-2-app_kernels/Emulation-SW/build/krnl_calculateCurVelModel/krnl_calculateCurVelModel/krnl_calculateCurVelModel/solution/.autopilot/db/a.g.ld.4.m2.bc -reflow-globaldce -hls-top-function-name=krnl_calculateCurVelModel -o /home/petr/Documents/xilinx-workspace/vitis-workspace/dp/kria-1-2-app_kernels/Emulation-SW/build/krnl_calculateCurVelModel/krnl_calculateCurVelModel/krnl_calculateCurVelModel/solution/.autopilot/db/a.g.ld.5.gdce.bc > /home/petr/Documents/xilinx-workspace/vitis-workspace/dp/kria-1-2-app_kernels/Emulation-SW/build/krnl_calculateCurVelModel/krnl_calculateCurVelModel/krnl_calculateCurVelModel/solution/.autopilot/db/a.g.ld.5.gdce.bc.opt.out.log 2> /home/petr/Documents/xilinx-workspace/vitis-workspace/dp/kria-1-2-app_kernels/Emulation-SW/build/krnl_calculateCurVelModel/krnl_calculateCurVelModel/krnl_calculateCurVelModel/solution/.autopilot/db/a.g.ld.5.gdce.bc.opt.err.log 
Command           ap_eval done; 0.8 sec.
INFO-FLOW: 
Command         run_link_or_opt done; 0.8 sec.
Execute         send_msg_by_id INFO @200-777@%s Vitis 
INFO: [HLS 200-777] Using interface defaults for 'Vitis' flow target.
Execute         is_m_axi_addr64 
INFO-FLOW: Doing LTO.
Execute         ap_eval exec -ignorestderr /tools/Xilinx/Vitis_HLS/2022.2/lnx64/tools/clang-3.9-csynth/bin/clang -foptimization-record-file=/home/petr/Documents/xilinx-workspace/vitis-workspace/dp/kria-1-2-app_kernels/Emulation-SW/build/krnl_calculateCurVelModel/krnl_calculateCurVelModel/krnl_calculateCurVelModel/solution/.autopilot/db/a.g.ld.0.bc.clang.diag.yml -mllvm -pass-remarks-missed=reflow|pasta|unroll -mllvm -pass-remarks=reflow|pasta|unroll|inline -fhls -mllvm -hls-top-function-name=krnl_calculateCurVelModel -mllvm -hls-db-dir -mllvm /home/petr/Documents/xilinx-workspace/vitis-workspace/dp/kria-1-2-app_kernels/Emulation-SW/build/krnl_calculateCurVelModel/krnl_calculateCurVelModel/krnl_calculateCurVelModel/solution/.autopilot/db -emit-llvm -c -target fpga64-xilinx-none -mllvm -xcl-xmlinfo=/home/petr/Documents/xilinx-workspace/vitis-workspace/dp/kria-1-2-app_kernels/Emulation-SW/build/krnl_calculateCurVelModel/krnl_calculateCurVelModel/krnl_calculateCurVelModel/solution/.autopilot/db/../../../kernel.xml -mllvm -top-io-mapping-info=/home/petr/Documents/xilinx-workspace/vitis-workspace/dp/kria-1-2-app_kernels/Emulation-SW/build/krnl_calculateCurVelModel/krnl_calculateCurVelModel/krnl_calculateCurVelModel/solution/.autopilot/db/top-io-fe.xml -mllvm -xcl-target=cpu -mllvm -hls-bitcode-version=3.1 -mllvm -reflow-enable-slave-interface-default-setting=true -mllvm -gen-kernel-xml=true -mllvm -default-maxi-offset=slave -mllvm -maxi-latency=64 -mllvm -hls-maxi-data-size-in-bits=8 -mllvm -hls-maxi-max-data-size-in-bits=1024 -mllvm -hls-max-widen-size-in-bits=512 -mllvm -xcl-kernel-max-mem-ports=1 -mllvm -maxi-read-trans=16 -mllvm -maxi-write-trans=16 -mllvm -maxi-read-burst-len=16 -mllvm -maxi-write-burst-len=16 -mllvm -reflow-enable-saxi-64bits=0 -mllvm -reflow-basic-block-instr-threshold=200000 -mllvm -reflow-auto-pipeline-threshold=64 -mllvm -reflow-enable-maxi-auto-id-channel=0 -mllvm -assume-maxi-align=64 -mllvm -reflow-pipeline-style-llvm-setting=2 -mllvm -reflow-enable-dataflow-strict-mode-checking=1 -mllvm -reflow-auto-array-partition-mode=default -mllvm -reflow-enable-auto-array-partition=true -mllvm -reflow-enable-auto-parallel-performance-driven=true -mllvm -reflow-enable-partition-for-automation=true -mllvm -reflow-aggregate-bitwidth-threshold=4096 -mllvm -reflow-assume-no-address-wrap=true -mllvm -hls -mllvm -disable-inlined-alloca-merging=true -mllvm -enable-reflow-vitis-flow-setting=true -mllvm -default-clock-period=5 -x ir /home/petr/Documents/xilinx-workspace/vitis-workspace/dp/kria-1-2-app_kernels/Emulation-SW/build/krnl_calculateCurVelModel/krnl_calculateCurVelModel/krnl_calculateCurVelModel/solution/.autopilot/db/a.g.ld.5.gdce.bc -o /home/petr/Documents/xilinx-workspace/vitis-workspace/dp/kria-1-2-app_kernels/Emulation-SW/build/krnl_calculateCurVelModel/krnl_calculateCurVelModel/krnl_calculateCurVelModel/solution/.autopilot/db/a.g.lto.bc -hls-platform-db-name=/tools/Xilinx/Vitis_HLS/2022.2/common/technology/xilinx/common/platform.db -hls-platform-name=zynquplus_medium -device-resource-info=BRAM_288.000000_DSP_1248.000000_FF_234240.000000_LUT_117120.000000_SLICE_14640.000000_URAM_64.000000 -device-name-info=xck26-sfvc784-2LV-c > /home/petr/Documents/xilinx-workspace/vitis-workspace/dp/kria-1-2-app_kernels/Emulation-SW/build/krnl_calculateCurVelModel/krnl_calculateCurVelModel/krnl_calculateCurVelModel/solution/.autopilot/db/a.g.ld.0.bc.clang.out.log 2> /home/petr/Documents/xilinx-workspace/vitis-workspace/dp/kria-1-2-app_kernels/Emulation-SW/build/krnl_calculateCurVelModel/krnl_calculateCurVelModel/krnl_calculateCurVelModel/solution/.autopilot/db/a.g.ld.0.bc.clang.err.log 
Command         ap_eval done; 4.28 sec.
Execute         source /tools/Xilinx/Vitis_HLS/2022.2/tps/tcl/tcllib1.11.1/yaml/yaml.tcl 
INFO: [HLS 214-178] Inlining function 'sliceInternalVariables8Parts' into 'computeCurVel' (/home/petr/Documents/xilinx-workspace/vitis-workspace/dp/kria-1-2-app_kernels/src/krnl_main.cpp:72:0)
INFO: [HLS 214-178] Inlining function 'psi2alphaFce' into 'computeCurVel' (/home/petr/Documents/xilinx-workspace/vitis-workspace/dp/kria-1-2-app_kernels/src/krnl_main.cpp:72:0)
INFO: [HLS 214-178] Inlining function 'psi2betaFce' into 'computeCurVel' (/home/petr/Documents/xilinx-workspace/vitis-workspace/dp/kria-1-2-app_kernels/src/krnl_main.cpp:72:0)
INFO: [HLS 214-178] Inlining function 'sliceInternalVariables4Parts' into 'computeCurVel' (/home/petr/Documents/xilinx-workspace/vitis-workspace/dp/kria-1-2-app_kernels/src/krnl_main.cpp:72:0)
INFO: [HLS 214-178] Inlining function 'fp_struct<float>::fp_struct(float)' into 'int generic_isnan<float>(float)' (/wrk/ci/prod/2022.2/hls_product/continuous/608/2022.2/src/shared/hls/clib/hlsmath/include/FloatingPoint/hls_isnan.h:16:0)
INFO: [HLS 214-178] Inlining function 'fp_struct<float>::data() const' into 'fp_struct<float>::to_float() const' (/wrk/ci/prod/2022.2/hls_product/continuous/608/2022.2/src/shared/hls/clib/src/hls/utils/x_hls_utils.h:351:0)
INFO: [HLS 214-178] Inlining function 'fp_struct<float>::to_float() const' into 'fp_struct<float>::to_ieee() const' (/wrk/ci/prod/2022.2/hls_product/continuous/608/2022.2/src/shared/hls/clib/src/hls/utils/x_hls_utils.h:375:0)
INFO: [HLS 214-178] Inlining function 'fp_struct<float>::to_ieee() const' into 'float generic_nan<float>(char const*)' (/wrk/ci/prod/2022.2/hls_product/continuous/608/2022.2/src/shared/hls/clib/hlsmath/include/FloatingPoint/hls_nan.h:10:0)
INFO: [HLS 214-178] Inlining function 'fp_struct<float>::fp_struct(float)' into 'float generic_copysign<float>(float, float)' (/wrk/ci/prod/2022.2/hls_product/continuous/608/2022.2/src/shared/hls/clib/hlsmath/include/FloatingPoint/hls_copysign.h:10:0)
INFO: [HLS 214-178] Inlining function 'fp_struct<float>::to_ieee() const' into 'float generic_copysign<float>(float, float)' (/wrk/ci/prod/2022.2/hls_product/continuous/608/2022.2/src/shared/hls/clib/hlsmath/include/FloatingPoint/hls_copysign.h:10:0)
INFO: [HLS 214-178] Inlining function 'fp_struct<float>::fp_struct(float)' into 'int generic_isinf<float>(float)' (/wrk/ci/prod/2022.2/hls_product/continuous/608/2022.2/src/shared/hls/clib/hlsmath/include/FloatingPoint/hls_isinf.h:16:0)
INFO: [HLS 214-178] Inlining function 'float generic_copysign<float>(float, float)' into 'float generic_abs<float>(float)' (/wrk/ci/prod/2022.2/hls_product/continuous/608/2022.2/src/shared/hls/clib/hlsmath/include/FloatingPoint/hls_abs.h:13:0)
INFO: [HLS 214-178] Inlining function 'fp_struct<float>::fp_struct(float)' into 'float cordic_::atan2_generic<float>(float, float)' (/wrk/ci/prod/2022.2/hls_product/continuous/608/2022.2/src/shared/hls/clib/hlsmath/include/FloatingPoint/hls_cordic.h:677:0)
INFO: [HLS 214-178] Inlining function 'fp_struct<float>::mantissa() const' into 'float cordic_::atan2_generic<float>(float, float)' (/wrk/ci/prod/2022.2/hls_product/continuous/608/2022.2/src/shared/hls/clib/hlsmath/include/FloatingPoint/hls_cordic.h:677:0)
INFO: [HLS 214-178] Inlining function 'fp_struct<float>::fp_struct(float)' into 'float cordic_::atan2_cordic_Q1<float>(float, float)' (/wrk/ci/prod/2022.2/hls_product/continuous/608/2022.2/src/shared/hls/clib/hlsmath/include/FloatingPoint/hls_cordic.h:740:0)
INFO: [HLS 214-178] Inlining function 'fp_struct<float>::data() const' into 'float cordic_::atan2_cordic_Q1<float>(float, float)' (/wrk/ci/prod/2022.2/hls_product/continuous/608/2022.2/src/shared/hls/clib/hlsmath/include/FloatingPoint/hls_cordic.h:740:0)
INFO: [HLS 214-178] Inlining function 'fp_struct<float>::fp_struct(unsigned int)' into 'float cordic_::atan2_cordic_Q1<float>(float, float)' (/wrk/ci/prod/2022.2/hls_product/continuous/608/2022.2/src/shared/hls/clib/hlsmath/include/FloatingPoint/hls_cordic.h:740:0)
INFO: [HLS 214-178] Inlining function 'fp_struct<float>::to_ieee() const' into 'float cordic_::atan2_cordic_Q1<float>(float, float)' (/wrk/ci/prod/2022.2/hls_product/continuous/608/2022.2/src/shared/hls/clib/hlsmath/include/FloatingPoint/hls_cordic.h:740:0)
INFO: [HLS 214-178] Inlining function 'fp_struct<float>::fp_struct(float)' into 'float cordic_::atan2_cordic<float>(float, float)' (/wrk/ci/prod/2022.2/hls_product/continuous/608/2022.2/src/shared/hls/clib/hlsmath/include/FloatingPoint/hls_cordic.h:754:0)
INFO: [HLS 214-178] Inlining function 'int generic_isnan<float>(float)' into 'float cordic_::atan2_cordic<float>(float, float)' (/wrk/ci/prod/2022.2/hls_product/continuous/608/2022.2/src/shared/hls/clib/hlsmath/include/FloatingPoint/hls_cordic.h:754:0)
INFO: [HLS 214-178] Inlining function 'float generic_nan<float>(char const*)' into 'float cordic_::atan2_cordic<float>(float, float)' (/wrk/ci/prod/2022.2/hls_product/continuous/608/2022.2/src/shared/hls/clib/hlsmath/include/FloatingPoint/hls_cordic.h:754:0)
INFO: [HLS 214-178] Inlining function 'fp_struct<float>::__signbit() const' into 'float cordic_::atan2_cordic<float>(float, float)' (/wrk/ci/prod/2022.2/hls_product/continuous/608/2022.2/src/shared/hls/clib/hlsmath/include/FloatingPoint/hls_cordic.h:754:0)
INFO: [HLS 214-178] Inlining function 'fp_struct<float>::fp_struct(unsigned int)' into 'float cordic_::atan2_cordic<float>(float, float)' (/wrk/ci/prod/2022.2/hls_product/continuous/608/2022.2/src/shared/hls/clib/hlsmath/include/FloatingPoint/hls_cordic.h:754:0)
INFO: [HLS 214-178] Inlining function 'int generic_isinf<float>(float)' into 'float cordic_::atan2_cordic<float>(float, float)' (/wrk/ci/prod/2022.2/hls_product/continuous/608/2022.2/src/shared/hls/clib/hlsmath/include/FloatingPoint/hls_cordic.h:754:0)
INFO: [HLS 214-178] Inlining function 'float generic_abs<float>(float)' into 'float cordic_::atan2_cordic<float>(float, float)' (/wrk/ci/prod/2022.2/hls_product/continuous/608/2022.2/src/shared/hls/clib/hlsmath/include/FloatingPoint/hls_cordic.h:754:0)
INFO: [HLS 214-178] Inlining function 'atan2f' into 'outputCurVelProductsCalc' (/home/petr/Documents/xilinx-workspace/vitis-workspace/dp/kria-1-2-app_kernels/src/krnl_main.cpp:169:0)
INFO: [HLS 214-178] Inlining function 'fp_struct<float>::fp_struct(float)' into 'void range_redux_payne_hanek_hotbm<29, float, 29, 29>(float, ap_uint<3>&, ap_ufixed<29, 0, (ap_q_mode)5, (ap_o_mode)3, 0>&, ap_ufixed<29, 0, (ap_q_mode)5, (ap_o_mode)3, 0>&, ap_int<fp_struct<float>::EXP_BITS>&)' (/wrk/ci/prod/2022.2/hls_product/continuous/608/2022.2/src/shared/hls/clib/hlsmath/include/FloatingPoint/hls_range_redux.h:466:0)
INFO: [HLS 214-178] Inlining function 'fp_struct<float>::expv() const' into 'void range_redux_payne_hanek_hotbm<29, float, 29, 29>(float, ap_uint<3>&, ap_ufixed<29, 0, (ap_q_mode)5, (ap_o_mode)3, 0>&, ap_ufixed<29, 0, (ap_q_mode)5, (ap_o_mode)3, 0>&, ap_int<fp_struct<float>::EXP_BITS>&)' (/wrk/ci/prod/2022.2/hls_product/continuous/608/2022.2/src/shared/hls/clib/hlsmath/include/FloatingPoint/hls_range_redux.h:466:0)
INFO: [HLS 214-178] Inlining function 'ap_uint<(((2) * ((23) + (1))) + (29)) + (3)> table_lookup_4oPi_hotbm<23, 29>(int, float)' into 'void range_redux_payne_hanek_hotbm<29, float, 29, 29>(float, ap_uint<3>&, ap_ufixed<29, 0, (ap_q_mode)5, (ap_o_mode)3, 0>&, ap_ufixed<29, 0, (ap_q_mode)5, (ap_o_mode)3, 0>&, ap_int<fp_struct<float>::EXP_BITS>&)' (/wrk/ci/prod/2022.2/hls_product/continuous/608/2022.2/src/shared/hls/clib/hlsmath/include/FloatingPoint/hls_range_redux.h:466:0)
INFO: [HLS 214-178] Inlining function 'unsigned int clz<29, 58, 0>(ap_ufixed<58, 0, (ap_q_mode)5, (ap_o_mode)3, 0>)' into 'void range_redux_payne_hanek_hotbm<29, float, 29, 29>(float, ap_uint<3>&, ap_ufixed<29, 0, (ap_q_mode)5, (ap_o_mode)3, 0>&, ap_ufixed<29, 0, (ap_q_mode)5, (ap_o_mode)3, 0>&, ap_int<fp_struct<float>::EXP_BITS>&)' (/wrk/ci/prod/2022.2/hls_product/continuous/608/2022.2/src/shared/hls/clib/hlsmath/include/FloatingPoint/hls_range_redux.h:466:0)
INFO: [HLS 214-178] Inlining function 'clz(int)' into 'void scaled_fixed2ieee<29, 1>(ap_ufixed<29, 1, (ap_q_mode)5, (ap_o_mode)3, 0>, float&, int)' (/wrk/ci/prod/2022.2/hls_product/continuous/608/2022.2/src/shared/hls/clib/src/hls/utils/x_hls_float_utils.h:286:0)
INFO: [HLS 214-178] Inlining function 'fp_struct<float>::set_mantissa(ap_ufixed<24, 1, (ap_q_mode)5, (ap_o_mode)3, 0>)' into 'void scaled_fixed2ieee<29, 1>(ap_ufixed<29, 1, (ap_q_mode)5, (ap_o_mode)3, 0>, float&, int)' (/wrk/ci/prod/2022.2/hls_product/continuous/608/2022.2/src/shared/hls/clib/src/hls/utils/x_hls_float_utils.h:286:0)
INFO: [HLS 214-178] Inlining function 'fp_struct<float>::to_ieee() const' into 'void scaled_fixed2ieee<29, 1>(ap_ufixed<29, 1, (ap_q_mode)5, (ap_o_mode)3, 0>, float&, int)' (/wrk/ci/prod/2022.2/hls_product/continuous/608/2022.2/src/shared/hls/clib/src/hls/utils/x_hls_float_utils.h:286:0)
INFO: [HLS 214-178] Inlining function 'fp_struct<float>::fp_struct(float)' into 'float hotbm_::sin_or_cos<float>(float, bool, bool)' (/wrk/ci/prod/2022.2/hls_product/continuous/608/2022.2/src/shared/hls/clib/hlsmath/include/FloatingPoint/hls_hotbm.h:239:0)
INFO: [HLS 214-178] Inlining function 'void range_redux_payne_hanek_hotbm<29, float, 29, 29>(float, ap_uint<3>&, ap_ufixed<29, 0, (ap_q_mode)5, (ap_o_mode)3, 0>&, ap_ufixed<29, 0, (ap_q_mode)5, (ap_o_mode)3, 0>&, ap_int<fp_struct<float>::EXP_BITS>&)' into 'float hotbm_::sin_or_cos<float>(float, bool, bool)' (/wrk/ci/prod/2022.2/hls_product/continuous/608/2022.2/src/shared/hls/clib/hlsmath/include/FloatingPoint/hls_hotbm.h:239:0)
INFO: [HLS 214-178] Inlining function 'ap_ufixed<29, 1, (ap_q_mode)5, (ap_o_mode)3, 0> hotbm_::value_list<float>::sin_or_cos_approximation<29, 29>(bool, ap_uint<3>&, ap_ufixed<29, 0, (ap_q_mode)5, (ap_o_mode)3, 0>&, ap_ufixed<29, 0, (ap_q_mode)5, (ap_o_mode)3, 0>&, ap_int<8>&)' into 'float hotbm_::sin_or_cos<float>(float, bool, bool)' (/wrk/ci/prod/2022.2/hls_product/continuous/608/2022.2/src/shared/hls/clib/hlsmath/include/FloatingPoint/hls_hotbm.h:239:0)
INFO: [HLS 214-178] Inlining function 'void scaled_fixed2ieee<29, 1>(ap_ufixed<29, 1, (ap_q_mode)5, (ap_o_mode)3, 0>, float&, int)' into 'float hotbm_::sin_or_cos<float>(float, bool, bool)' (/wrk/ci/prod/2022.2/hls_product/continuous/608/2022.2/src/shared/hls/clib/hlsmath/include/FloatingPoint/hls_hotbm.h:239:0)
INFO: [HLS 214-178] Inlining function 'fp_struct<float>::to_ieee() const' into 'float hotbm_::sin_or_cos<float>(float, bool, bool)' (/wrk/ci/prod/2022.2/hls_product/continuous/608/2022.2/src/shared/hls/clib/hlsmath/include/FloatingPoint/hls_hotbm.h:239:0)
INFO: [HLS 214-178] Inlining function 'hotbm_::cos(float)' into 'cosf' (/wrk/ci/prod/2022.2/hls_product/continuous/608/2022.2/src/shared/hls/clib/hlsmath/src/c/sincosfloat.cpp:11:0)
INFO: [HLS 214-178] Inlining function 'hotbm_::sin(float)' into 'sinf' (/wrk/ci/prod/2022.2/hls_product/continuous/608/2022.2/src/shared/hls/clib/hlsmath/src/c/sincosfloat.cpp:7:0)
INFO: [HLS 214-178] Inlining function 'regSaturationBlock' into 'regCalculate' (/home/petr/Documents/xilinx-workspace/vitis-workspace/dp/kria-1-2-app_kernels/src/krnl_main.cpp:232:0)
INFO: [HLS 214-178] Inlining function 'checkSaturationStatus' into 'regCalculate' (/home/petr/Documents/xilinx-workspace/vitis-workspace/dp/kria-1-2-app_kernels/src/krnl_main.cpp:232:0)
INFO: [HLS 214-178] Inlining function 'checkSignStatus' into 'regCalculate' (/home/petr/Documents/xilinx-workspace/vitis-workspace/dp/kria-1-2-app_kernels/src/krnl_main.cpp:232:0)
INFO: [HLS 214-178] Inlining function 'enableClamping' into 'regCalculate' (/home/petr/Documents/xilinx-workspace/vitis-workspace/dp/kria-1-2-app_kernels/src/krnl_main.cpp:232:0)
INFO: [HLS 214-178] Inlining function 'fp_struct<double>::data() const' into 'fp_struct<double>::to_double() const' (/wrk/ci/prod/2022.2/hls_product/continuous/608/2022.2/src/shared/hls/clib/src/hls/utils/x_hls_utils.h:523:0)
INFO: [HLS 214-178] Inlining function 'fp_struct<double>::to_double() const' into 'fp_struct<double>::to_ieee() const' (/wrk/ci/prod/2022.2/hls_product/continuous/608/2022.2/src/shared/hls/clib/src/hls/utils/x_hls_utils.h:538:0)
INFO: [HLS 214-178] Inlining function 'fp_struct<double>::fp_struct(double)' into 'double fmdrmd::generic_fmod<double>(double, double)' (/wrk/ci/prod/2022.2/hls_product/continuous/608/2022.2/src/shared/hls/clib/hlsmath/include/FloatingPoint/hls_fmod_rem_quo.h:255:0)
INFO: [HLS 214-178] Inlining function 'fp_struct<double>::to_ieee() const' into 'double fmdrmd::generic_fmod<double>(double, double)' (/wrk/ci/prod/2022.2/hls_product/continuous/608/2022.2/src/shared/hls/clib/hlsmath/include/FloatingPoint/hls_fmod_rem_quo.h:255:0)
INFO: [HLS 214-178] Inlining function 'fp_struct<double>::fp_struct(double)' into 'double generic_copysign<double>(double, double)' (/wrk/ci/prod/2022.2/hls_product/continuous/608/2022.2/src/shared/hls/clib/hlsmath/include/FloatingPoint/hls_copysign.h:10:0)
INFO: [HLS 214-178] Inlining function 'fp_struct<double>::to_ieee() const' into 'double generic_copysign<double>(double, double)' (/wrk/ci/prod/2022.2/hls_product/continuous/608/2022.2/src/shared/hls/clib/hlsmath/include/FloatingPoint/hls_copysign.h:10:0)
INFO: [HLS 214-178] Inlining function 'double generic_copysign<double>(double, double)' into 'double generic_fabs<double>(double)' (/wrk/ci/prod/2022.2/hls_product/continuous/608/2022.2/src/shared/hls/clib/hlsmath/include/FloatingPoint/hls_fabs.h:12:0)
INFO: [HLS 214-178] Inlining function 'double generic_fabs<double>(double)' into 'fabs' (/wrk/ci/prod/2022.2/hls_product/continuous/608/2022.2/src/shared/hls/clib/hlsmath/src/c/fabsdouble.cpp:7:0)
INFO: [HLS 214-178] Inlining function 'fabs' into 'std::abs(double)' (/tools/Xilinx/Vitis_HLS/2022.2/tps/lnx64/gcc-8.3.0/lib/gcc/x86_64-pc-linux-gnu/8.3.0/../../../../include/c++/8.3.0/bits/std_abs.h:71:0)
INFO: [HLS 214-178] Inlining function 'fmod' into 'generateActualValueTriangleWave' (/home/petr/Documents/xilinx-workspace/vitis-workspace/dp/kria-1-2-app_kernels/src/krnl_main.cpp:254:0)
INFO: [HLS 214-178] Inlining function 'std::abs(double)' into 'generateActualValueTriangleWave' (/home/petr/Documents/xilinx-workspace/vitis-workspace/dp/kria-1-2-app_kernels/src/krnl_main.cpp:254:0)
INFO: [HLS 214-178] Inlining function 'fp_struct<double>::fp_struct(double)' into 'int generic_isnan<double>(double)' (/wrk/ci/prod/2022.2/hls_product/continuous/608/2022.2/src/shared/hls/clib/hlsmath/include/FloatingPoint/hls_isnan.h:16:0)
INFO: [HLS 214-178] Inlining function 'fp_struct<double>::data() const' into 'fp_struct<double>::to_int() const' (/wrk/ci/prod/2022.2/hls_product/continuous/608/2022.2/src/shared/hls/clib/src/hls/utils/x_hls_utils.h:511:0)
INFO: [HLS 214-178] Inlining function 'fp_struct<double>::fp_struct(double)' into 'double generic_fmax<double>(double, double)' (/wrk/ci/prod/2022.2/hls_product/continuous/608/2022.2/src/shared/hls/clib/hlsmath/include/FloatingPoint/hls_fmax.h:20:0)
INFO: [HLS 214-178] Inlining function 'int generic_isnan<double>(double)' into 'double generic_fmax<double>(double, double)' (/wrk/ci/prod/2022.2/hls_product/continuous/608/2022.2/src/shared/hls/clib/hlsmath/include/FloatingPoint/hls_fmax.h:20:0)
INFO: [HLS 214-178] Inlining function 'fp_struct<double>::to_ieee() const' into 'double generic_fmax<double>(double, double)' (/wrk/ci/prod/2022.2/hls_product/continuous/608/2022.2/src/shared/hls/clib/hlsmath/include/FloatingPoint/hls_fmax.h:20:0)
INFO: [HLS 214-178] Inlining function 'fp_struct<double>::to_int() const' into 'double generic_fmax<double>(double, double)' (/wrk/ci/prod/2022.2/hls_product/continuous/608/2022.2/src/shared/hls/clib/hlsmath/include/FloatingPoint/hls_fmax.h:20:0)
INFO: [HLS 214-178] Inlining function 'fp_struct<double>::fp_struct(double)' into 'double generic_fmin<double>(double, double)' (/wrk/ci/prod/2022.2/hls_product/continuous/608/2022.2/src/shared/hls/clib/hlsmath/include/FloatingPoint/hls_fmin.h:20:0)
INFO: [HLS 214-178] Inlining function 'int generic_isnan<double>(double)' into 'double generic_fmin<double>(double, double)' (/wrk/ci/prod/2022.2/hls_product/continuous/608/2022.2/src/shared/hls/clib/hlsmath/include/FloatingPoint/hls_fmin.h:20:0)
INFO: [HLS 214-178] Inlining function 'fp_struct<double>::to_ieee() const' into 'double generic_fmin<double>(double, double)' (/wrk/ci/prod/2022.2/hls_product/continuous/608/2022.2/src/shared/hls/clib/hlsmath/include/FloatingPoint/hls_fmin.h:20:0)
INFO: [HLS 214-178] Inlining function 'fp_struct<double>::to_int() const' into 'double generic_fmin<double>(double, double)' (/wrk/ci/prod/2022.2/hls_product/continuous/608/2022.2/src/shared/hls/clib/hlsmath/include/FloatingPoint/hls_fmin.h:20:0)
INFO: [HLS 214-178] Inlining function 'fmax' into 'minMaxCommonModeVoltage' (/home/petr/Documents/xilinx-workspace/vitis-workspace/dp/kria-1-2-app_kernels/src/krnl_main.cpp:271:0)
INFO: [HLS 214-178] Inlining function 'fmin' into 'minMaxCommonModeVoltage' (/home/petr/Documents/xilinx-workspace/vitis-workspace/dp/kria-1-2-app_kernels/src/krnl_main.cpp:271:0)
INFO: [HLS 214-178] Inlining function 'sliceInternalVariables8Parts' into 'krnl_calculateCurVelModel' (/home/petr/Documents/xilinx-workspace/vitis-workspace/dp/kria-1-2-app_kernels/src/krnl_main.cpp:293:0)
INFO: [HLS 214-178] Inlining function 'outputCurVelProductsCalc' into 'krnl_calculateCurVelModel' (/home/petr/Documents/xilinx-workspace/vitis-workspace/dp/kria-1-2-app_kernels/src/krnl_main.cpp:293:0)
INFO: [HLS 214-178] Inlining function 'cosf' into 'krnl_calculateCurVelModel' (/home/petr/Documents/xilinx-workspace/vitis-workspace/dp/kria-1-2-app_kernels/src/krnl_main.cpp:293:0)
INFO: [HLS 214-178] Inlining function 'sinf' into 'krnl_calculateCurVelModel' (/home/petr/Documents/xilinx-workspace/vitis-workspace/dp/kria-1-2-app_kernels/src/krnl_main.cpp:293:0)
INFO: [HLS 214-178] Inlining function 'generateActualValueTriangleWave' into 'krnl_calculateCurVelModel' (/home/petr/Documents/xilinx-workspace/vitis-workspace/dp/kria-1-2-app_kernels/src/krnl_main.cpp:293:0)
INFO: [HLS 214-178] Inlining function 'minMaxCommonModeVoltage' into 'krnl_calculateCurVelModel' (/home/petr/Documents/xilinx-workspace/vitis-workspace/dp/kria-1-2-app_kernels/src/krnl_main.cpp:293:0)
INFO: [HLS 214-178] Inlining function 'sliceInternalVariables3Parts' into 'krnl_calculateCurVelModel' (/home/petr/Documents/xilinx-workspace/vitis-workspace/dp/kria-1-2-app_kernels/src/krnl_main.cpp:293:0)
INFO: [HLS 214-178] Inlining function 'createCompareLevel' into 'krnl_calculateCurVelModel' (/home/petr/Documents/xilinx-workspace/vitis-workspace/dp/kria-1-2-app_kernels/src/krnl_main.cpp:293:0)
INFO: [HLS 214-178] Inlining function 'comparationLevelTriangleWaveComparation' into 'krnl_calculateCurVelModel' (/home/petr/Documents/xilinx-workspace/vitis-workspace/dp/kria-1-2-app_kernels/src/krnl_main.cpp:293:0)
INFO-FLOW: DBG:PUTS: copy_raw_kernel_xml ap_link_39: copying raw kernel.xml: /home/petr/Documents/xilinx-workspace/vitis-workspace/dp/kria-1-2-app_kernels/Emulation-SW/build/krnl_calculateCurVelModel/krnl_calculateCurVelModel/krnl_calculateCurVelModel/solution/.autopilot/db/../../../kernel.xml -> /home/petr/Documents/xilinx-workspace/vitis-workspace/dp/kria-1-2-app_kernels/Emulation-SW/build/krnl_calculateCurVelModel/krnl_calculateCurVelModel/krnl_calculateCurVelModel/solution/.autopilot/db/kernel.internal.xml
INFO: [HLS 200-111] Finished Compiling Optimization and Transform: CPU user time: 12.99 seconds. CPU system time: 1.44 seconds. Elapsed time: 16.23 seconds; current allocated memory: 759.668 MB.
INFO: [HLS 200-111] Finished Checking Pragmas: CPU user time: 0 seconds. CPU system time: 0 seconds. Elapsed time: 0 seconds; current allocated memory: 759.668 MB.
Command       elaborate done; 68.54 sec.
Execute       ap_eval exec zip -j /home/petr/Documents/xilinx-workspace/vitis-workspace/dp/kria-1-2-app_kernels/Emulation-SW/build/krnl_calculateCurVelModel/krnl_calculateCurVelModel/krnl_calculateCurVelModel/solution/.autopilot/db/dut.hcp $dbDir/a.o.3.bc $dbDir/${topname}.rtl_wrap.cfg.tcl $dbDir/apatb_${topname}.cpp $dbDir/apatb_${topname}_util.cpp $dbDir/apatb_${topname}_ir.ll $dbDir/mapper_${topname}.cpp $dbDir/top-io-fe.xml $dbDir/kernel.internal.xml $workdir/../hls.app 
Execute       send_msg_by_id INFO @200-1493@ 
INFO: [HLS 200-1493] Running only source code synthesis checks, skipping scheduling and RTL generation.
INFO-FLOW: DBG:PUTS:       kernel.xml check internal_kernel_xml(1)=/home/petr/Documents/xilinx-workspace/vitis-workspace/dp/kria-1-2-app_kernels/Emulation-SW/build/krnl_calculateCurVelModel/krnl_calculateCurVelModel/krnl_calculateCurVelModel/solution/.autopilot/db/kernel.internal.xml top=krnl_calculateCurVelModel
INFO-FLOW: DBG:PUTS:       kernel.xml check proj_kernel_xml    (1)=/home/petr/Documents/xilinx-workspace/vitis-workspace/dp/kria-1-2-app_kernels/Emulation-SW/build/krnl_calculateCurVelModel/krnl_calculateCurVelModel/krnl_calculateCurVelModel/solution/.autopilot/db/../../../kernel.xml
INFO-FLOW: DBG:PUTS:       copy internal kernel.xml to project: /home/petr/Documents/xilinx-workspace/vitis-workspace/dp/kria-1-2-app_kernels/Emulation-SW/build/krnl_calculateCurVelModel/krnl_calculateCurVelModel/krnl_calculateCurVelModel/solution/.autopilot/db/../../../kernel.xml
INFO-FLOW: DBG:PUTS:       update_final_kernel_xml /home/petr/Documents/xilinx-workspace/vitis-workspace/dp/kria-1-2-app_kernels/Emulation-SW/build/krnl_calculateCurVelModel/krnl_calculateCurVelModel/krnl_calculateCurVelModel/solution/.autopilot/db/../../../kernel.xml
INFO-FLOW: DBG:PUTS: Updating /home/petr/Documents/xilinx-workspace/vitis-workspace/dp/kria-1-2-app_kernels/Emulation-SW/build/krnl_calculateCurVelModel/krnl_calculateCurVelModel/krnl_calculateCurVelModel/solution/.autopilot/db/../../../kernel.xml with values: interrupt true debug true compileOptions {-g -I /home/petr/Documents/xilinx-workspace/vitis-workspace/dp/kria-1-2-app_kernels/src} name krnl_calculateCurVelModel vlnv xilinx.com:hls:krnl_calculateCurVelModel:1.0 swReset false mailbox none countedAutoRestart 0 deadlockDetection local
Command     csynth_design done; 68.62 sec.
INFO: [HLS 200-111] Finished Command csynth_design CPU user time: 58.91 seconds. CPU system time: 5.53 seconds. Elapsed time: 68.62 seconds; current allocated memory: 5.734 MB.
Execute     close_project 
INFO: [HLS 200-1510] Running: close_project 
Execute       close_solution 
Execute         cleanup_all 
Execute         cleanup_all 
